{"/Users/zymmac/repos/coding-challenge-frontend-react/src/components/index.js": {"path":"/Users/zymmac/repos/coding-challenge-frontend-react/src/components/index.js","statementMap":{"0":{"start":{"line":8,"column":9},"end":{"line":8,"column":19}},"1":{"start":{"line":8,"column":21},"end":{"line":8,"column":27}},"2":{"start":{"line":8,"column":29},"end":{"line":8,"column":40}},"3":{"start":{"line":8,"column":42},"end":{"line":8,"column":48}},"4":{"start":{"line":8,"column":50},"end":{"line":8,"column":64}},"5":{"start":{"line":8,"column":66},"end":{"line":8,"column":74}},"6":{"start":{"line":1,"column":23},"end":{"line":1,"column":null}},"7":{"start":{"line":2,"column":19},"end":{"line":2,"column":null}},"8":{"start":{"line":3,"column":24},"end":{"line":3,"column":null}},"9":{"start":{"line":4,"column":19},"end":{"line":4,"column":null}},"10":{"start":{"line":5,"column":27},"end":{"line":5,"column":null}},"11":{"start":{"line":6,"column":21},"end":{"line":6,"column":null}}},"fnMap":{"0":{"name":"(anonymous_1)","decl":{"start":{"line":8,"column":19},"end":{"line":8,"column":21}},"loc":{"start":{"line":8,"column":9},"end":{"line":8,"column":19}}},"1":{"name":"(anonymous_2)","decl":{"start":{"line":8,"column":27},"end":{"line":8,"column":29}},"loc":{"start":{"line":8,"column":21},"end":{"line":8,"column":27}}},"2":{"name":"(anonymous_3)","decl":{"start":{"line":8,"column":40},"end":{"line":8,"column":42}},"loc":{"start":{"line":8,"column":29},"end":{"line":8,"column":40}}},"3":{"name":"(anonymous_4)","decl":{"start":{"line":8,"column":48},"end":{"line":8,"column":50}},"loc":{"start":{"line":8,"column":42},"end":{"line":8,"column":48}}},"4":{"name":"(anonymous_5)","decl":{"start":{"line":8,"column":64},"end":{"line":8,"column":66}},"loc":{"start":{"line":8,"column":50},"end":{"line":8,"column":64}}},"5":{"name":"(anonymous_6)","decl":{"start":{"line":8,"column":74},"end":{"line":8,"column":null}},"loc":{"start":{"line":8,"column":66},"end":{"line":8,"column":74}}}},"branchMap":{},"s":{"0":1,"1":1,"2":1,"3":1,"4":1,"5":1,"6":1,"7":1,"8":1,"9":1,"10":1,"11":1},"f":{"0":1,"1":1,"2":1,"3":1,"4":1,"5":1},"b":{}}
,"/Users/zymmac/repos/coding-challenge-frontend-react/src/components/Background/background.js": {"path":"/Users/zymmac/repos/coding-challenge-frontend-react/src/components/Background/background.js","statementMap":{"0":{"start":{"line":3,"column":24},"end":{"line":3,"column":37}},"1":{"start":{"line":1,"column":19},"end":{"line":1,"column":null}}},"fnMap":{"0":{"name":"(anonymous_0)","decl":{"start":{"line":3,"column":24},"end":{"line":3,"column":37}},"loc":{"start":{"line":3,"column":24},"end":{"line":3,"column":37}}}},"branchMap":{},"s":{"0":1,"1":1},"f":{"0":1},"b":{}}
,"/Users/zymmac/repos/coding-challenge-frontend-react/src/components/NavBar/arrow.js": {"path":"/Users/zymmac/repos/coding-challenge-frontend-react/src/components/NavBar/arrow.js","statementMap":{"0":{"start":{"line":8,"column":24},"end":{"line":8,"column":30}},"1":{"start":{"line":1,"column":23},"end":{"line":1,"column":null}},"2":{"start":{"line":2,"column":17},"end":{"line":2,"column":null}},"3":{"start":{"line":3,"column":19},"end":{"line":3,"column":null}},"4":{"start":{"line":4,"column":29},"end":{"line":4,"column":null}},"5":{"start":{"line":6,"column":16},"end":{"line":6,"column":null}}},"fnMap":{"0":{"name":"(anonymous_0)","decl":{"start":{"line":8,"column":24},"end":{"line":8,"column":30}},"loc":{"start":{"line":8,"column":24},"end":{"line":8,"column":30}}}},"branchMap":{"0":{"loc":{"start":{"line":8,"column":32},"end":{"line":8,"column":45}},"type":"default-arg","locations":[{"start":{"line":8,"column":44},"end":{"line":8,"column":45}}]},"1":{"loc":{"start":{"line":8,"column":47},"end":{"line":8,"column":63}},"type":"default-arg","locations":[{"start":{"line":8,"column":58},"end":{"line":8,"column":63}}]},"2":{"loc":{"start":{"line":14,"column":12},"end":{"line":14,"column":53}},"type":"cond-expr","locations":[{"start":{"line":14,"column":24},"end":{"line":14,"column":50}},{"start":{"line":14,"column":50},"end":{"line":14,"column":53}}]}},"s":{"0":0,"1":1,"2":1,"3":1,"4":1,"5":1},"f":{"0":0},"b":{"0":[0],"1":[0],"2":[0,0]}}
,"/Users/zymmac/repos/coding-challenge-frontend-react/src/components/NavBar/nav-bar.js": {"path":"/Users/zymmac/repos/coding-challenge-frontend-react/src/components/NavBar/nav-bar.js","statementMap":{"0":{"start":{"line":6,"column":24},"end":{"line":6,"column":31}},"1":{"start":{"line":1,"column":18},"end":{"line":1,"column":null}},"2":{"start":{"line":2,"column":19},"end":{"line":2,"column":null}},"3":{"start":{"line":3,"column":31},"end":{"line":3,"column":null}},"4":{"start":{"line":4,"column":25},"end":{"line":4,"column":null}},"5":{"start":{"line":7,"column":26},"end":{"line":7,"column":null}},"6":{"start":{"line":9,"column":23},"end":{"line":9,"column":77}},"7":{"start":{"line":10,"column":23},"end":{"line":10,"column":75}}},"fnMap":{"0":{"name":"(anonymous_0)","decl":{"start":{"line":6,"column":24},"end":{"line":6,"column":31}},"loc":{"start":{"line":6,"column":24},"end":{"line":6,"column":31}}}},"branchMap":{"0":{"loc":{"start":{"line":9,"column":23},"end":{"line":9,"column":77}},"type":"binary-expr","locations":[{"start":{"line":9,"column":23},"end":{"line":9,"column":49}},{"start":{"line":9,"column":53},"end":{"line":9,"column":77}}]},"1":{"loc":{"start":{"line":10,"column":23},"end":{"line":10,"column":75}},"type":"binary-expr","locations":[{"start":{"line":10,"column":23},"end":{"line":10,"column":48}},{"start":{"line":10,"column":52},"end":{"line":10,"column":75}}]}},"s":{"0":1,"1":1,"2":1,"3":1,"4":1,"5":0,"6":0,"7":0},"f":{"0":1},"b":{"0":[0,0],"1":[0,0]}}
,"/Users/zymmac/repos/coding-challenge-frontend-react/src/components/NavBar/helpers/get-month-path.js": {"path":"/Users/zymmac/repos/coding-challenge-frontend-react/src/components/NavBar/helpers/get-month-path.js","statementMap":{"0":{"start":{"line":10,"column":0},"end":{"line":10,"column":15}},"1":{"start":{"line":1,"column":25},"end":{"line":1,"column":null}},"2":{"start":{"line":3,"column":21},"end":{"line":8,"column":null}},"3":{"start":{"line":4,"column":26},"end":{"line":4,"column":null}},"4":{"start":{"line":5,"column":15},"end":{"line":5,"column":null}},"5":{"start":{"line":7,"column":2},"end":{"line":7,"column":null}},"6":{"start":{"line":10,"column":15},"end":{"line":10,"column":null}}},"fnMap":{"0":{"name":"(anonymous_0)","decl":{"start":{"line":10,"column":0},"end":{"line":10,"column":15}},"loc":{"start":{"line":10,"column":0},"end":{"line":10,"column":15}}},"1":{"name":"(anonymous_1)","decl":{"start":{"line":3,"column":21},"end":{"line":3,"column":22}},"loc":{"start":{"line":3,"column":32},"end":{"line":8,"column":null}}}},"branchMap":{},"s":{"0":1,"1":2,"2":2,"3":0,"4":0,"5":0,"6":2},"f":{"0":1,"1":0},"b":{}}
,"/Users/zymmac/repos/coding-challenge-frontend-react/src/components/NavBar/helpers/index.js": {"path":"/Users/zymmac/repos/coding-challenge-frontend-react/src/components/NavBar/helpers/index.js","statementMap":{"0":{"start":{"line":4,"column":9},"end":{"line":4,"column":21}},"1":{"start":{"line":2,"column":25},"end":{"line":2,"column":null}}},"fnMap":{"0":{"name":"(anonymous_0)","decl":{"start":{"line":4,"column":9},"end":{"line":4,"column":21}},"loc":{"start":{"line":4,"column":9},"end":{"line":4,"column":21}}}},"branchMap":{},"s":{"0":1,"1":2},"f":{"0":1},"b":{}}
,"/Users/zymmac/repos/coding-challenge-frontend-react/src/components/ProgressBar/progress-bar.js": {"path":"/Users/zymmac/repos/coding-challenge-frontend-react/src/components/ProgressBar/progress-bar.js","statementMap":{"0":{"start":{"line":5,"column":24},"end":{"line":5,"column":36}},"1":{"start":{"line":1,"column":19},"end":{"line":1,"column":null}},"2":{"start":{"line":2,"column":31},"end":{"line":2,"column":null}},"3":{"start":{"line":3,"column":28},"end":{"line":3,"column":null}},"4":{"start":{"line":6,"column":19},"end":{"line":6,"column":null}}},"fnMap":{"0":{"name":"(anonymous_0)","decl":{"start":{"line":5,"column":24},"end":{"line":5,"column":36}},"loc":{"start":{"line":5,"column":24},"end":{"line":5,"column":36}}}},"branchMap":{},"s":{"0":1,"1":1,"2":1,"3":1,"4":0},"f":{"0":1},"b":{}}
,"/Users/zymmac/repos/coding-challenge-frontend-react/src/components/RefreshCounter/refresh-counter.js": {"path":"/Users/zymmac/repos/coding-challenge-frontend-react/src/components/RefreshCounter/refresh-counter.js","statementMap":{"0":{"start":{"line":8,"column":24},"end":{"line":8,"column":39}},"1":{"start":{"line":1,"column":36},"end":{"line":1,"column":null}},"2":{"start":{"line":2,"column":24},"end":{"line":2,"column":null}},"3":{"start":{"line":3,"column":19},"end":{"line":3,"column":null}},"4":{"start":{"line":4,"column":25},"end":{"line":4,"column":null}},"5":{"start":{"line":5,"column":45},"end":{"line":5,"column":null}},"6":{"start":{"line":6,"column":32},"end":{"line":6,"column":null}},"7":{"start":{"line":9,"column":26},"end":{"line":9,"column":null}},"8":{"start":{"line":10,"column":32},"end":{"line":10,"column":null}},"9":{"start":{"line":11,"column":32},"end":{"line":11,"column":null}},"10":{"start":{"line":12,"column":34},"end":{"line":12,"column":null}},"11":{"start":{"line":14,"column":18},"end":{"line":23,"column":null}},"12":{"start":{"line":15,"column":4},"end":{"line":15,"column":null}},"13":{"start":{"line":16,"column":37},"end":{"line":16,"column":null}},"14":{"start":{"line":17,"column":4},"end":{"line":22,"column":5}},"15":{"start":{"line":18,"column":6},"end":{"line":18,"column":null}},"16":{"start":{"line":20,"column":6},"end":{"line":20,"column":null}},"17":{"start":{"line":21,"column":6},"end":{"line":21,"column":null}},"18":{"start":{"line":25,"column":2},"end":{"line":33,"column":null}},"19":{"start":{"line":26,"column":18},"end":{"line":28,"column":null}},"20":{"start":{"line":27,"column":13},"end":{"line":27,"column":64}},"21":{"start":{"line":30,"column":4},"end":{"line":32,"column":null}},"22":{"start":{"line":31,"column":6},"end":{"line":31,"column":null}}},"fnMap":{"0":{"name":"(anonymous_0)","decl":{"start":{"line":8,"column":24},"end":{"line":8,"column":39}},"loc":{"start":{"line":8,"column":24},"end":{"line":8,"column":39}}},"1":{"name":"(anonymous_3)","decl":{"start":{"line":14,"column":18},"end":{"line":14,"column":30}},"loc":{"start":{"line":14,"column":30},"end":{"line":23,"column":null}}},"2":{"name":"(anonymous_4)","decl":{"start":{"line":25,"column":12},"end":{"line":25,"column":18}},"loc":{"start":{"line":25,"column":18},"end":{"line":33,"column":5}}},"3":{"name":"(anonymous_5)","decl":{"start":{"line":27,"column":6},"end":{"line":27,"column":13}},"loc":{"start":{"line":27,"column":13},"end":{"line":27,"column":64}}},"4":{"name":"(anonymous_6)","decl":{"start":{"line":30,"column":11},"end":{"line":30,"column":17}},"loc":{"start":{"line":30,"column":17},"end":{"line":32,"column":null}}}},"branchMap":{"0":{"loc":{"start":{"line":17,"column":4},"end":{"line":22,"column":5}},"type":"if","locations":[{"start":{"line":17,"column":4},"end":{"line":22,"column":5}},{"start":{"line":19,"column":11},"end":{"line":22,"column":5}}]},"1":{"loc":{"start":{"line":17,"column":8},"end":{"line":17,"column":61}},"type":"binary-expr","locations":[{"start":{"line":17,"column":8},"end":{"line":17,"column":39}},{"start":{"line":17,"column":39},"end":{"line":17,"column":61}}]},"2":{"loc":{"start":{"line":27,"column":13},"end":{"line":27,"column":64}},"type":"cond-expr","locations":[{"start":{"line":27,"column":29},"end":{"line":27,"column":41}},{"start":{"line":27,"column":41},"end":{"line":27,"column":64}}]},"3":{"loc":{"start":{"line":37,"column":7},"end":{"line":44,"column":null}},"type":"cond-expr","locations":[{"start":{"line":38,"column":8},"end":{"line":43,"column":9}},{"start":{"line":43,"column":8},"end":{"line":44,"column":null}}]}},"s":{"0":2,"1":2,"2":2,"3":2,"4":2,"5":2,"6":2,"7":1,"8":1,"9":1,"10":1,"11":1,"12":0,"13":0,"14":0,"15":0,"16":0,"17":0,"18":1,"19":1,"20":0,"21":1,"22":1},"f":{"0":3,"1":0,"2":1,"3":0,"4":1},"b":{"0":[0,0],"1":[0,0],"2":[0,0],"3":[1,0]}}
,"/Users/zymmac/repos/coding-challenge-frontend-react/src/components/Tables/tables.js": {"path":"/Users/zymmac/repos/coding-challenge-frontend-react/src/components/Tables/tables.js","statementMap":{"0":{"start":{"line":18,"column":0},"end":{"line":18,"column":15}},"1":{"start":{"line":1,"column":24},"end":{"line":1,"column":null}},"2":{"start":{"line":2,"column":28},"end":{"line":2,"column":null}},"3":{"start":{"line":3,"column":19},"end":{"line":3,"column":null}},"4":{"start":{"line":18,"column":15},"end":{"line":18,"column":null}}},"fnMap":{"0":{"name":"(anonymous_0)","decl":{"start":{"line":18,"column":0},"end":{"line":18,"column":15}},"loc":{"start":{"line":18,"column":0},"end":{"line":18,"column":15}}},"1":{"name":"Tables","decl":{"start":{"line":5,"column":9},"end":{"line":5,"column":16}},"loc":{"start":{"line":5,"column":35},"end":{"line":16,"column":null}}}},"branchMap":{},"s":{"0":1,"1":1,"2":1,"3":1,"4":1},"f":{"0":1,"1":0},"b":{}}
,"/Users/zymmac/repos/coding-challenge-frontend-react/src/components/Tables/top-products.js": {"path":"/Users/zymmac/repos/coding-challenge-frontend-react/src/components/Tables/top-products.js","statementMap":{"0":{"start":{"line":6,"column":24},"end":{"line":6,"column":36}},"1":{"start":{"line":1,"column":19},"end":{"line":1,"column":null}},"2":{"start":{"line":2,"column":31},"end":{"line":2,"column":null}},"3":{"start":{"line":3,"column":33},"end":{"line":3,"column":null}},"4":{"start":{"line":4,"column":31},"end":{"line":4,"column":null}},"5":{"start":{"line":7,"column":22},"end":{"line":7,"column":null}},"6":{"start":{"line":25,"column":18},"end":{"line":39,"column":null}},"7":{"start":{"line":25,"column":46},"end":{"line":39,"column":null}},"8":{"start":{"line":26,"column":28},"end":{"line":26,"column":null}},"9":{"start":{"line":27,"column":19},"end":{"line":27,"column":null}},"10":{"start":{"line":29,"column":2},"end":{"line":31,"column":null}}},"fnMap":{"0":{"name":"(anonymous_0)","decl":{"start":{"line":6,"column":24},"end":{"line":6,"column":36}},"loc":{"start":{"line":6,"column":24},"end":{"line":6,"column":36}}},"1":{"name":"(anonymous_3)","decl":{"start":{"line":25,"column":18},"end":{"line":25,"column":19}},"loc":{"start":{"line":25,"column":46},"end":{"line":39,"column":null}}},"2":{"name":"(anonymous_4)","decl":{"start":{"line":25,"column":62},"end":{"line":25,"column":63}},"loc":{"start":{"line":25,"column":76},"end":{"line":39,"column":null}}}},"branchMap":{},"s":{"0":1,"1":2,"2":2,"3":2,"4":2,"5":1,"6":2,"7":1,"8":2,"9":2,"10":2},"f":{"0":2,"1":1,"2":2},"b":{}}
,"/Users/zymmac/repos/coding-challenge-frontend-react/src/components/Tables/top-recent-orders.js": {"path":"/Users/zymmac/repos/coding-challenge-frontend-react/src/components/Tables/top-recent-orders.js","statementMap":{"0":{"start":{"line":5,"column":24},"end":{"line":5,"column":40}},"1":{"start":{"line":1,"column":31},"end":{"line":1,"column":null}},"2":{"start":{"line":2,"column":27},"end":{"line":2,"column":null}},"3":{"start":{"line":3,"column":33},"end":{"line":3,"column":null}},"4":{"start":{"line":23,"column":18},"end":{"line":27,"column":null}},"5":{"start":{"line":23,"column":47},"end":{"line":27,"column":null}},"6":{"start":{"line":27,"column":4},"end":{"line":27,"column":null}}},"fnMap":{"0":{"name":"(anonymous_0)","decl":{"start":{"line":5,"column":24},"end":{"line":5,"column":40}},"loc":{"start":{"line":5,"column":24},"end":{"line":5,"column":40}}},"1":{"name":"(anonymous_2)","decl":{"start":{"line":23,"column":18},"end":{"line":23,"column":19}},"loc":{"start":{"line":23,"column":47},"end":{"line":27,"column":null}}},"2":{"name":"(anonymous_3)","decl":{"start":{"line":25,"column":7},"end":{"line":25,"column":8}},"loc":{"start":{"line":27,"column":4},"end":{"line":27,"column":null}}}},"branchMap":{"0":{"loc":{"start":{"line":23,"column":29},"end":{"line":23,"column":40}},"type":"default-arg","locations":[{"start":{"line":23,"column":39},"end":{"line":23,"column":40}}]}},"s":{"0":1,"1":2,"2":2,"3":2,"4":2,"5":1,"6":3},"f":{"0":2,"1":1,"2":3},"b":{"0":[0]}}
,"/Users/zymmac/repos/coding-challenge-frontend-react/src/components/Tables/helpers/format-date.js": {"path":"/Users/zymmac/repos/coding-challenge-frontend-react/src/components/Tables/helpers/format-date.js","statementMap":{"0":{"start":{"line":7,"column":0},"end":{"line":7,"column":15}},"1":{"start":{"line":1,"column":19},"end":{"line":5,"column":null}},"2":{"start":{"line":1,"column":41},"end":{"line":5,"column":null}},"3":{"start":{"line":7,"column":15},"end":{"line":7,"column":null}}},"fnMap":{"0":{"name":"(anonymous_0)","decl":{"start":{"line":7,"column":0},"end":{"line":7,"column":15}},"loc":{"start":{"line":7,"column":0},"end":{"line":7,"column":15}}},"1":{"name":"(anonymous_1)","decl":{"start":{"line":1,"column":19},"end":{"line":1,"column":20}},"loc":{"start":{"line":1,"column":41},"end":{"line":5,"column":null}}}},"branchMap":{},"s":{"0":8,"1":5,"2":7,"3":5},"f":{"0":8,"1":7},"b":{}}
,"/Users/zymmac/repos/coding-challenge-frontend-react/src/components/Tables/helpers/get-top-products.js": {"path":"/Users/zymmac/repos/coding-challenge-frontend-react/src/components/Tables/helpers/get-top-products.js","statementMap":{"0":{"start":{"line":13,"column":24},"end":{"line":13,"column":39}},"1":{"start":{"line":1,"column":30},"end":{"line":11,"column":null}},"2":{"start":{"line":2,"column":23},"end":{"line":2,"column":null}},"3":{"start":{"line":3,"column":2},"end":{"line":9,"column":null}},"4":{"start":{"line":4,"column":4},"end":{"line":8,"column":5}},"5":{"start":{"line":5,"column":6},"end":{"line":5,"column":null}},"6":{"start":{"line":7,"column":6},"end":{"line":7,"column":null}},"7":{"start":{"line":10,"column":2},"end":{"line":10,"column":null}},"8":{"start":{"line":14,"column":2},"end":{"line":16,"column":null}},"9":{"start":{"line":15,"column":20},"end":{"line":15,"column":31}}},"fnMap":{"0":{"name":"(anonymous_0)","decl":{"start":{"line":13,"column":24},"end":{"line":13,"column":39}},"loc":{"start":{"line":13,"column":24},"end":{"line":13,"column":39}}},"1":{"name":"(anonymous_1)","decl":{"start":{"line":1,"column":30},"end":{"line":1,"column":31}},"loc":{"start":{"line":1,"column":42},"end":{"line":11,"column":null}}},"2":{"name":"(anonymous_2)","decl":{"start":{"line":3,"column":17},"end":{"line":3,"column":18}},"loc":{"start":{"line":3,"column":28},"end":{"line":9,"column":null}}},"3":{"name":"(anonymous_4)","decl":{"start":{"line":15,"column":10},"end":{"line":15,"column":11}},"loc":{"start":{"line":15,"column":20},"end":{"line":15,"column":31}}}},"branchMap":{"0":{"loc":{"start":{"line":4,"column":4},"end":{"line":8,"column":5}},"type":"if","locations":[{"start":{"line":4,"column":4},"end":{"line":8,"column":5}},{"start":{"line":6,"column":11},"end":{"line":8,"column":5}}]}},"s":{"0":3,"1":5,"2":2,"3":2,"4":6,"5":2,"6":4,"7":2,"8":2,"9":2},"f":{"0":5,"1":2,"2":6,"3":2},"b":{"0":[2,4]}}
,"/Users/zymmac/repos/coding-challenge-frontend-react/src/components/Tables/helpers/index.js": {"path":"/Users/zymmac/repos/coding-challenge-frontend-react/src/components/Tables/helpers/index.js","statementMap":{"0":{"start":{"line":4,"column":9},"end":{"line":4,"column":19}},"1":{"start":{"line":4,"column":21},"end":{"line":4,"column":35}},"2":{"start":{"line":1,"column":23},"end":{"line":1,"column":null}},"3":{"start":{"line":2,"column":27},"end":{"line":2,"column":null}}},"fnMap":{"0":{"name":"(anonymous_1)","decl":{"start":{"line":4,"column":19},"end":{"line":4,"column":21}},"loc":{"start":{"line":4,"column":9},"end":{"line":4,"column":19}}},"1":{"name":"(anonymous_2)","decl":{"start":{"line":4,"column":35},"end":{"line":4,"column":null}},"loc":{"start":{"line":4,"column":21},"end":{"line":4,"column":35}}}},"branchMap":{},"s":{"0":4,"1":2,"2":4,"3":4},"f":{"0":4,"1":2},"b":{}}
,"/Users/zymmac/repos/coding-challenge-frontend-react/src/components/UserMenu/user-menu.js": {"path":"/Users/zymmac/repos/coding-challenge-frontend-react/src/components/UserMenu/user-menu.js","statementMap":{"0":{"start":{"line":61,"column":0},"end":{"line":61,"column":15}},"1":{"start":{"line":1,"column":56},"end":{"line":1,"column":null}},"2":{"start":{"line":2,"column":17},"end":{"line":2,"column":null}},"3":{"start":{"line":3,"column":26},"end":{"line":3,"column":null}},"4":{"start":{"line":4,"column":24},"end":{"line":4,"column":null}},"5":{"start":{"line":5,"column":26},"end":{"line":5,"column":null}},"6":{"start":{"line":8,"column":28},"end":{"line":8,"column":null}},"7":{"start":{"line":9,"column":32},"end":{"line":9,"column":null}},"8":{"start":{"line":10,"column":47},"end":{"line":10,"column":null}},"9":{"start":{"line":11,"column":26},"end":{"line":11,"column":null}},"10":{"start":{"line":12,"column":30},"end":{"line":12,"column":null}},"11":{"start":{"line":13,"column":17},"end":{"line":13,"column":null}},"12":{"start":{"line":15,"column":28},"end":{"line":20,"column":null}},"13":{"start":{"line":16,"column":4},"end":{"line":19,"column":5}},"14":{"start":{"line":17,"column":23},"end":{"line":17,"column":null}},"15":{"start":{"line":18,"column":6},"end":{"line":18,"column":null}},"16":{"start":{"line":22,"column":23},"end":{"line":32,"column":null}},"17":{"start":{"line":23,"column":4},"end":{"line":23,"column":null}},"18":{"start":{"line":24,"column":4},"end":{"line":24,"column":null}},"19":{"start":{"line":25,"column":4},"end":{"line":31,"column":null}},"20":{"start":{"line":26,"column":6},"end":{"line":26,"column":null}},"21":{"start":{"line":27,"column":6},"end":{"line":27,"column":null}},"22":{"start":{"line":29,"column":6},"end":{"line":29,"column":null}},"23":{"start":{"line":30,"column":6},"end":{"line":30,"column":null}},"24":{"start":{"line":34,"column":21},"end":{"line":36,"column":null}},"25":{"start":{"line":35,"column":4},"end":{"line":35,"column":null}},"26":{"start":{"line":38,"column":2},"end":{"line":40,"column":null}},"27":{"start":{"line":39,"column":4},"end":{"line":39,"column":null}},"28":{"start":{"line":61,"column":15},"end":{"line":61,"column":null}}},"fnMap":{"0":{"name":"(anonymous_0)","decl":{"start":{"line":61,"column":0},"end":{"line":61,"column":15}},"loc":{"start":{"line":61,"column":0},"end":{"line":61,"column":15}}},"1":{"name":"UserMenu","decl":{"start":{"line":7,"column":9},"end":{"line":7,"column":18}},"loc":{"start":{"line":7,"column":31},"end":{"line":59,"column":null}}},"2":{"name":"(anonymous_6)","decl":{"start":{"line":15,"column":40},"end":{"line":15,"column":52}},"loc":{"start":{"line":15,"column":52},"end":{"line":20,"column":5}}},"3":{"name":"(anonymous_7)","decl":{"start":{"line":22,"column":23},"end":{"line":22,"column":35}},"loc":{"start":{"line":22,"column":35},"end":{"line":32,"column":null}}},"4":{"name":"(anonymous_8)","decl":{"start":{"line":34,"column":21},"end":{"line":34,"column":27}},"loc":{"start":{"line":34,"column":27},"end":{"line":36,"column":null}}},"5":{"name":"(anonymous_9)","decl":{"start":{"line":38,"column":12},"end":{"line":38,"column":18}},"loc":{"start":{"line":38,"column":18},"end":{"line":40,"column":5}}}},"branchMap":{"0":{"loc":{"start":{"line":16,"column":4},"end":{"line":19,"column":5}},"type":"if","locations":[{"start":{"line":16,"column":4},"end":{"line":19,"column":5}}]},"1":{"loc":{"start":{"line":44,"column":7},"end":{"line":44,"column":16}},"type":"binary-expr","locations":[{"start":{"line":44,"column":7},"end":{"line":44,"column":16}}]},"2":{"loc":{"start":{"line":45,"column":7},"end":{"line":45,"column":18}},"type":"binary-expr","locations":[{"start":{"line":45,"column":7},"end":{"line":45,"column":18}}]},"3":{"loc":{"start":{"line":46,"column":12},"end":{"line":46,"column":63}},"type":"binary-expr","locations":[{"start":{"line":46,"column":12},"end":{"line":46,"column":27}},{"start":{"line":46,"column":27},"end":{"line":46,"column":63}}]},"4":{"loc":{"start":{"line":54,"column":9},"end":{"line":54,"column":30}},"type":"binary-expr","locations":[{"start":{"line":54,"column":9},"end":{"line":54,"column":30}}]}},"s":{"0":5,"1":2,"2":2,"3":2,"4":2,"5":2,"6":11,"7":11,"8":11,"9":11,"10":11,"11":11,"12":11,"13":4,"14":4,"15":4,"16":11,"17":2,"18":2,"19":2,"20":2,"21":1,"22":1,"23":1,"24":11,"25":0,"26":11,"27":4,"28":2},"f":{"0":5,"1":11,"2":4,"3":2,"4":0,"5":4},"b":{"0":[4],"1":[11],"2":[11],"3":[11,11],"4":[11]}}
,"/Users/zymmac/repos/coding-challenge-frontend-react/src/contexts/Auth/AuthRoute.js": {"path":"/Users/zymmac/repos/coding-challenge-frontend-react/src/contexts/Auth/AuthRoute.js","statementMap":{"0":{"start":{"line":19,"column":0},"end":{"line":19,"column":15}},"1":{"start":{"line":1,"column":33},"end":{"line":1,"column":null}},"2":{"start":{"line":2,"column":26},"end":{"line":2,"column":null}},"3":{"start":{"line":3,"column":24},"end":{"line":3,"column":null}},"4":{"start":{"line":6,"column":17},"end":{"line":6,"column":null}},"5":{"start":{"line":7,"column":35},"end":{"line":7,"column":null}},"6":{"start":{"line":9,"column":2},"end":{"line":13,"column":null}},"7":{"start":{"line":10,"column":4},"end":{"line":12,"column":5}},"8":{"start":{"line":11,"column":6},"end":{"line":11,"column":null}},"9":{"start":{"line":16,"column":2},"end":{"line":16,"column":null}},"10":{"start":{"line":19,"column":15},"end":{"line":19,"column":null}}},"fnMap":{"0":{"name":"(anonymous_0)","decl":{"start":{"line":19,"column":0},"end":{"line":19,"column":15}},"loc":{"start":{"line":19,"column":0},"end":{"line":19,"column":15}}},"1":{"name":"AuthRoute","decl":{"start":{"line":5,"column":9},"end":{"line":5,"column":19}},"loc":{"start":{"line":5,"column":33},"end":{"line":17,"column":null}}},"2":{"name":"(anonymous_5)","decl":{"start":{"line":9,"column":12},"end":{"line":9,"column":18}},"loc":{"start":{"line":9,"column":18},"end":{"line":13,"column":5}}}},"branchMap":{"0":{"loc":{"start":{"line":10,"column":4},"end":{"line":12,"column":5}},"type":"if","locations":[{"start":{"line":10,"column":4},"end":{"line":12,"column":5}}]},"1":{"loc":{"start":{"line":16,"column":9},"end":{"line":16,"column":null}},"type":"cond-expr","locations":[{"start":{"line":16,"column":19},"end":{"line":16,"column":46}},{"start":{"line":16,"column":43},"end":{"line":16,"column":null}}]}},"s":{"0":3,"1":1,"2":1,"3":1,"4":4,"5":4,"6":4,"7":3,"8":1,"9":4,"10":1},"f":{"0":3,"1":4,"2":3},"b":{"0":[1],"1":[1,3]}}
,"/Users/zymmac/repos/coding-challenge-frontend-react/src/contexts/Auth/firebase.js": {"path":"/Users/zymmac/repos/coding-challenge-frontend-react/src/contexts/Auth/firebase.js","statementMap":{"0":{"start":{"line":17,"column":13},"end":{"line":17,"column":17}},"1":{"start":{"line":18,"column":13},"end":{"line":18,"column":21}},"2":{"start":{"line":19,"column":0},"end":{"line":19,"column":15}},"3":{"start":{"line":1,"column":30},"end":{"line":1,"column":null}},"4":{"start":{"line":2,"column":24},"end":{"line":2,"column":null}},"5":{"start":{"line":3,"column":28},"end":{"line":3,"column":null}},"6":{"start":{"line":5,"column":23},"end":{"line":13,"column":null}},"7":{"start":{"line":15,"column":12},"end":{"line":15,"column":null}},"8":{"start":{"line":17,"column":20},"end":{"line":17,"column":null}},"9":{"start":{"line":18,"column":24},"end":{"line":18,"column":null}},"10":{"start":{"line":19,"column":15},"end":{"line":19,"column":19}}},"fnMap":{"0":{"name":"(anonymous_1)","decl":{"start":{"line":17,"column":17},"end":{"line":17,"column":20}},"loc":{"start":{"line":17,"column":13},"end":{"line":17,"column":17}}},"1":{"name":"(anonymous_2)","decl":{"start":{"line":18,"column":21},"end":{"line":18,"column":24}},"loc":{"start":{"line":18,"column":13},"end":{"line":18,"column":21}}},"2":{"name":"(anonymous_3)","decl":{"start":{"line":19,"column":19},"end":{"line":19,"column":null}},"loc":{"start":{"line":19,"column":0},"end":{"line":19,"column":15}}}},"branchMap":{},"s":{"0":0,"1":0,"2":0,"3":1,"4":1,"5":1,"6":1,"7":1,"8":1,"9":1,"10":1},"f":{"0":0,"1":0,"2":0},"b":{}}
,"/Users/zymmac/repos/coding-challenge-frontend-react/src/contexts/Auth/index.js": {"path":"/Users/zymmac/repos/coding-challenge-frontend-react/src/contexts/Auth/index.js","statementMap":{"0":{"start":{"line":89,"column":0},"end":{"line":89,"column":15}},"1":{"start":{"line":90,"column":13},"end":{"line":90,"column":20}},"2":{"start":{"line":7,"column":7},"end":{"line":7,"column":null}},"3":{"start":{"line":16,"column":7},"end":{"line":16,"column":null}},"4":{"start":{"line":17,"column":30},"end":{"line":17,"column":null}},"5":{"start":{"line":18,"column":31},"end":{"line":18,"column":null}},"6":{"start":{"line":20,"column":20},"end":{"line":20,"column":null}},"7":{"start":{"line":23,"column":40},"end":{"line":23,"column":null}},"8":{"start":{"line":25,"column":16},"end":{"line":25,"column":null}},"9":{"start":{"line":25,"column":37},"end":{"line":25,"column":null}},"10":{"start":{"line":27,"column":17},"end":{"line":27,"column":null}},"11":{"start":{"line":27,"column":23},"end":{"line":27,"column":null}},"12":{"start":{"line":29,"column":24},"end":{"line":29,"column":null}},"13":{"start":{"line":29,"column":35},"end":{"line":29,"column":null}},"14":{"start":{"line":31,"column":32},"end":{"line":31,"column":null}},"15":{"start":{"line":31,"column":42},"end":{"line":31,"column":null}},"16":{"start":{"line":33,"column":29},"end":{"line":33,"column":null}},"17":{"start":{"line":33,"column":43},"end":{"line":33,"column":null}},"18":{"start":{"line":35,"column":24},"end":{"line":39,"column":null}},"19":{"start":{"line":36,"column":27},"end":{"line":36,"column":null}},"20":{"start":{"line":37,"column":22},"end":{"line":37,"column":null}},"21":{"start":{"line":38,"column":4},"end":{"line":38,"column":null}},"22":{"start":{"line":41,"column":22},"end":{"line":50,"column":null}},"23":{"start":{"line":42,"column":20},"end":{"line":42,"column":null}},"24":{"start":{"line":43,"column":22},"end":{"line":43,"column":null}},"25":{"start":{"line":44,"column":21},"end":{"line":44,"column":null}},"26":{"start":{"line":45,"column":4},"end":{"line":48,"column":5}},"27":{"start":{"line":46,"column":23},"end":{"line":46,"column":null}},"28":{"start":{"line":47,"column":6},"end":{"line":47,"column":null}},"29":{"start":{"line":49,"column":4},"end":{"line":49,"column":null}},"30":{"start":{"line":52,"column":17},"end":{"line":60,"column":null}},"31":{"start":{"line":53,"column":4},"end":{"line":59,"column":null}},"32":{"start":{"line":54,"column":6},"end":{"line":54,"column":null}},"33":{"start":{"line":55,"column":6},"end":{"line":55,"column":null}},"34":{"start":{"line":56,"column":6},"end":{"line":56,"column":null}},"35":{"start":{"line":62,"column":2},"end":{"line":68,"column":null}},"36":{"start":{"line":63,"column":24},"end":{"line":67,"column":null}},"37":{"start":{"line":64,"column":6},"end":{"line":64,"column":null}},"38":{"start":{"line":66,"column":6},"end":{"line":66,"column":null}},"39":{"start":{"line":70,"column":16},"end":{"line":83,"column":null}},"40":{"start":{"line":71,"column":11},"end":{"line":82,"column":null}},"41":{"start":{"line":89,"column":15},"end":{"line":89,"column":28}},"42":{"start":{"line":90,"column":23},"end":{"line":90,"column":null}},"43":{"start":{"line":90,"column":29},"end":{"line":90,"column":null}}},"fnMap":{"0":{"name":"(anonymous_1)","decl":{"start":{"line":89,"column":28},"end":{"line":89,"column":null}},"loc":{"start":{"line":89,"column":0},"end":{"line":89,"column":15}}},"1":{"name":"(anonymous_2)","decl":{"start":{"line":90,"column":20},"end":{"line":90,"column":23}},"loc":{"start":{"line":90,"column":13},"end":{"line":90,"column":20}}},"2":{"name":"AuthProvider","decl":{"start":{"line":22,"column":9},"end":{"line":22,"column":22}},"loc":{"start":{"line":22,"column":36},"end":{"line":87,"column":null}}},"3":{"name":"(anonymous_7)","decl":{"start":{"line":25,"column":16},"end":{"line":25,"column":17}},"loc":{"start":{"line":25,"column":37},"end":{"line":25,"column":null}}},"4":{"name":"(anonymous_8)","decl":{"start":{"line":27,"column":17},"end":{"line":27,"column":23}},"loc":{"start":{"line":27,"column":23},"end":{"line":27,"column":null}}},"5":{"name":"(anonymous_9)","decl":{"start":{"line":29,"column":24},"end":{"line":29,"column":25}},"loc":{"start":{"line":29,"column":35},"end":{"line":29,"column":null}}},"6":{"name":"(anonymous_10)","decl":{"start":{"line":31,"column":32},"end":{"line":31,"column":33}},"loc":{"start":{"line":31,"column":42},"end":{"line":31,"column":null}}},"7":{"name":"(anonymous_11)","decl":{"start":{"line":33,"column":29},"end":{"line":33,"column":30}},"loc":{"start":{"line":33,"column":43},"end":{"line":33,"column":null}}},"8":{"name":"(anonymous_12)","decl":{"start":{"line":35,"column":24},"end":{"line":35,"column":25}},"loc":{"start":{"line":35,"column":34},"end":{"line":39,"column":null}}},"9":{"name":"(anonymous_13)","decl":{"start":{"line":41,"column":22},"end":{"line":41,"column":34}},"loc":{"start":{"line":41,"column":34},"end":{"line":50,"column":null}}},"10":{"name":"(anonymous_14)","decl":{"start":{"line":52,"column":17},"end":{"line":52,"column":24}},"loc":{"start":{"line":52,"column":56},"end":{"line":60,"column":null}}},"11":{"name":"(anonymous_15)","decl":{"start":{"line":62,"column":12},"end":{"line":62,"column":18}},"loc":{"start":{"line":62,"column":18},"end":{"line":68,"column":5}}},"12":{"name":"(anonymous_16)","decl":{"start":{"line":63,"column":49},"end":{"line":63,"column":56}},"loc":{"start":{"line":63,"column":65},"end":{"line":67,"column":null}}},"13":{"name":"(anonymous_17)","decl":{"start":{"line":71,"column":4},"end":{"line":71,"column":11}},"loc":{"start":{"line":71,"column":11},"end":{"line":82,"column":null}}},"14":{"name":"(anonymous_18)","decl":{"start":{"line":90,"column":23},"end":{"line":90,"column":29}},"loc":{"start":{"line":90,"column":29},"end":{"line":90,"column":null}}}},"branchMap":{"0":{"loc":{"start":{"line":45,"column":4},"end":{"line":48,"column":5}},"type":"if","locations":[{"start":{"line":45,"column":4},"end":{"line":48,"column":5}}]}},"s":{"0":0,"1":0,"2":1,"3":1,"4":1,"5":1,"6":1,"7":0,"8":0,"9":0,"10":0,"11":0,"12":0,"13":0,"14":0,"15":0,"16":0,"17":0,"18":0,"19":0,"20":0,"21":0,"22":0,"23":0,"24":0,"25":0,"26":0,"27":0,"28":0,"29":0,"30":0,"31":0,"32":0,"33":0,"34":0,"35":0,"36":0,"37":0,"38":0,"39":0,"40":0,"41":1,"42":1,"43":0},"f":{"0":0,"1":0,"2":0,"3":0,"4":0,"5":0,"6":0,"7":0,"8":0,"9":0,"10":0,"11":0,"12":0,"13":0,"14":0},"b":{"0":[0]}}
,"/Users/zymmac/repos/coding-challenge-frontend-react/src/contexts/Sheets/index.js": {"path":"/Users/zymmac/repos/coding-challenge-frontend-react/src/contexts/Sheets/index.js","statementMap":{"0":{"start":{"line":30,"column":0},"end":{"line":30,"column":15}},"1":{"start":{"line":31,"column":13},"end":{"line":31,"column":22}},"2":{"start":{"line":5,"column":7},"end":{"line":5,"column":null}},"3":{"start":{"line":6,"column":29},"end":{"line":6,"column":null}},"4":{"start":{"line":7,"column":26},"end":{"line":7,"column":null}},"5":{"start":{"line":9,"column":22},"end":{"line":9,"column":null}},"6":{"start":{"line":12,"column":26},"end":{"line":16,"column":null}},"7":{"start":{"line":13,"column":16},"end":{"line":13,"column":null}},"8":{"start":{"line":14,"column":23},"end":{"line":14,"column":null}},"9":{"start":{"line":15,"column":4},"end":{"line":15,"column":null}},"10":{"start":{"line":18,"column":16},"end":{"line":22,"column":null}},"11":{"start":{"line":19,"column":11},"end":{"line":21,"column":null}},"12":{"start":{"line":30,"column":15},"end":{"line":30,"column":30}},"13":{"start":{"line":31,"column":25},"end":{"line":31,"column":null}},"14":{"start":{"line":31,"column":31},"end":{"line":31,"column":null}}},"fnMap":{"0":{"name":"(anonymous_1)","decl":{"start":{"line":30,"column":30},"end":{"line":30,"column":null}},"loc":{"start":{"line":30,"column":0},"end":{"line":30,"column":15}}},"1":{"name":"(anonymous_2)","decl":{"start":{"line":31,"column":22},"end":{"line":31,"column":25}},"loc":{"start":{"line":31,"column":13},"end":{"line":31,"column":22}}},"2":{"name":"SheetsProvider","decl":{"start":{"line":11,"column":9},"end":{"line":11,"column":24}},"loc":{"start":{"line":11,"column":38},"end":{"line":28,"column":null}}},"3":{"name":"(anonymous_8)","decl":{"start":{"line":12,"column":26},"end":{"line":12,"column":33}},"loc":{"start":{"line":12,"column":55},"end":{"line":16,"column":null}}},"4":{"name":"(anonymous_9)","decl":{"start":{"line":19,"column":4},"end":{"line":19,"column":11}},"loc":{"start":{"line":19,"column":11},"end":{"line":21,"column":null}}},"5":{"name":"(anonymous_10)","decl":{"start":{"line":31,"column":25},"end":{"line":31,"column":31}},"loc":{"start":{"line":31,"column":31},"end":{"line":31,"column":null}}}},"branchMap":{"0":{"loc":{"start":{"line":12,"column":38},"end":{"line":12,"column":50}},"type":"default-arg","locations":[{"start":{"line":12,"column":48},"end":{"line":12,"column":50}}]}},"s":{"0":0,"1":0,"2":1,"3":1,"4":1,"5":1,"6":0,"7":0,"8":0,"9":0,"10":0,"11":0,"12":1,"13":1,"14":0},"f":{"0":0,"1":0,"2":0,"3":0,"4":0,"5":0},"b":{"0":[0]}}
,"/Users/zymmac/repos/coding-challenge-frontend-react/src/contexts/Sheets/sheets.js": {"path":"/Users/zymmac/repos/coding-challenge-frontend-react/src/contexts/Sheets/sheets.js","statementMap":{"0":{"start":{"line":26,"column":0},"end":{"line":26,"column":15}},"1":{"start":{"line":1,"column":34},"end":{"line":1,"column":null}},"2":{"start":{"line":2,"column":27},"end":{"line":2,"column":null}},"3":{"start":{"line":5,"column":21},"end":{"line":9,"column":null}},"4":{"start":{"line":11,"column":25},"end":{"line":24,"column":null}},"5":{"start":{"line":12,"column":56},"end":{"line":12,"column":null}},"6":{"start":{"line":13,"column":14},"end":{"line":13,"column":null}},"7":{"start":{"line":14,"column":2},"end":{"line":22,"column":null}},"8":{"start":{"line":15,"column":4},"end":{"line":18,"column":null}},"9":{"start":{"line":19,"column":4},"end":{"line":19,"column":null}},"10":{"start":{"line":23,"column":2},"end":{"line":23,"column":null}},"11":{"start":{"line":26,"column":15},"end":{"line":26,"column":null}}},"fnMap":{"0":{"name":"(anonymous_0)","decl":{"start":{"line":26,"column":0},"end":{"line":26,"column":15}},"loc":{"start":{"line":26,"column":0},"end":{"line":26,"column":15}}},"1":{"name":"(anonymous_2)","decl":{"start":{"line":11,"column":25},"end":{"line":11,"column":37}},"loc":{"start":{"line":11,"column":37},"end":{"line":24,"column":null}}}},"branchMap":{},"s":{"0":0,"1":1,"2":1,"3":1,"4":1,"5":0,"6":0,"7":0,"8":0,"9":0,"10":0,"11":1},"f":{"0":0,"1":0},"b":{}}
,"/Users/zymmac/repos/coding-challenge-frontend-react/src/fonts/index.js": {"path":"/Users/zymmac/repos/coding-challenge-frontend-react/src/fonts/index.js","statementMap":{"0":{"start":{"line":3,"column":13},"end":{"line":3,"column":19}},"1":{"start":{"line":8,"column":13},"end":{"line":8,"column":24}},"2":{"start":{"line":13,"column":13},"end":{"line":13,"column":29}},"3":{"start":{"line":18,"column":13},"end":{"line":18,"column":27}},"4":{"start":{"line":23,"column":13},"end":{"line":23,"column":28}},"5":{"start":{"line":1,"column":35},"end":{"line":1,"column":null}},"6":{"start":{"line":3,"column":22},"end":{"line":6,"column":null}},"7":{"start":{"line":8,"column":27},"end":{"line":11,"column":null}},"8":{"start":{"line":13,"column":32},"end":{"line":16,"column":null}},"9":{"start":{"line":18,"column":30},"end":{"line":21,"column":null}},"10":{"start":{"line":23,"column":31},"end":{"line":26,"column":null}}},"fnMap":{"0":{"name":"(anonymous_1)","decl":{"start":{"line":3,"column":19},"end":{"line":3,"column":22}},"loc":{"start":{"line":3,"column":13},"end":{"line":3,"column":19}}},"1":{"name":"(anonymous_2)","decl":{"start":{"line":8,"column":24},"end":{"line":8,"column":27}},"loc":{"start":{"line":8,"column":13},"end":{"line":8,"column":24}}},"2":{"name":"(anonymous_3)","decl":{"start":{"line":13,"column":29},"end":{"line":13,"column":32}},"loc":{"start":{"line":13,"column":13},"end":{"line":13,"column":29}}},"3":{"name":"(anonymous_4)","decl":{"start":{"line":18,"column":27},"end":{"line":18,"column":30}},"loc":{"start":{"line":18,"column":13},"end":{"line":18,"column":27}}},"4":{"name":"(anonymous_5)","decl":{"start":{"line":23,"column":28},"end":{"line":23,"column":31}},"loc":{"start":{"line":23,"column":13},"end":{"line":23,"column":28}}}},"branchMap":{},"s":{"0":0,"1":0,"2":2,"3":0,"4":1,"5":4,"6":4,"7":4,"8":4,"9":4,"10":4},"f":{"0":0,"1":0,"2":2,"3":0,"4":1},"b":{}}
,"/Users/zymmac/repos/coding-challenge-frontend-react/src/hooks/index.js": {"path":"/Users/zymmac/repos/coding-challenge-frontend-react/src/hooks/index.js","statementMap":{"0":{"start":{"line":4,"column":9},"end":{"line":4,"column":17}},"1":{"start":{"line":2,"column":21},"end":{"line":2,"column":null}}},"fnMap":{"0":{"name":"(anonymous_0)","decl":{"start":{"line":4,"column":9},"end":{"line":4,"column":17}},"loc":{"start":{"line":4,"column":9},"end":{"line":4,"column":17}}}},"branchMap":{},"s":{"0":2,"1":4},"f":{"0":2},"b":{}}
,"/Users/zymmac/repos/coding-challenge-frontend-react/src/hooks/use-query.js": {"path":"/Users/zymmac/repos/coding-challenge-frontend-react/src/hooks/use-query.js","statementMap":{"0":{"start":{"line":3,"column":24},"end":{"line":3,"column":35}},"1":{"start":{"line":1,"column":26},"end":{"line":1,"column":null}},"2":{"start":{"line":4,"column":17},"end":{"line":4,"column":null}},"3":{"start":{"line":5,"column":19},"end":{"line":5,"column":31}},"4":{"start":{"line":7,"column":2},"end":{"line":7,"column":null}},"5":{"start":{"line":7,"column":13},"end":{"line":7,"column":null}},"6":{"start":{"line":8,"column":15},"end":{"line":8,"column":null}},"7":{"start":{"line":9,"column":16},"end":{"line":9,"column":null}},"8":{"start":{"line":11,"column":2},"end":{"line":11,"column":null}}},"fnMap":{"0":{"name":"(anonymous_0)","decl":{"start":{"line":3,"column":24},"end":{"line":3,"column":35}},"loc":{"start":{"line":3,"column":24},"end":{"line":3,"column":35}}}},"branchMap":{"0":{"loc":{"start":{"line":7,"column":2},"end":{"line":7,"column":null}},"type":"if","locations":[{"start":{"line":7,"column":2},"end":{"line":7,"column":null}}]}},"s":{"0":2,"1":4,"2":1,"3":1,"4":1,"5":1,"6":0,"7":0,"8":0},"f":{"0":3},"b":{"0":[1]}}
,"/Users/zymmac/repos/coding-challenge-frontend-react/src/pages/[...slug].js": {"path":"/Users/zymmac/repos/coding-challenge-frontend-react/src/pages/[...slug].js","statementMap":{"0":{"start":{"line":20,"column":24},"end":{"line":20,"column":28}},"1":{"start":{"line":43,"column":22},"end":{"line":43,"column":40}},"2":{"start":{"line":1,"column":22},"end":{"line":1,"column":null}},"3":{"start":{"line":2,"column":27},"end":{"line":2,"column":null}},"4":{"start":{"line":10,"column":7},"end":{"line":10,"column":null}},"5":{"start":{"line":18,"column":7},"end":{"line":18,"column":null}},"6":{"start":{"line":21,"column":16},"end":{"line":21,"column":null}},"7":{"start":{"line":44,"column":19},"end":{"line":44,"column":33}},"8":{"start":{"line":45,"column":22},"end":{"line":45,"column":35}},"9":{"start":{"line":47,"column":17},"end":{"line":47,"column":null}},"10":{"start":{"line":48,"column":18},"end":{"line":48,"column":null}},"11":{"start":{"line":50,"column":57},"end":{"line":50,"column":null}},"12":{"start":{"line":52,"column":15},"end":{"line":52,"column":54}},"13":{"start":{"line":53,"column":16},"end":{"line":53,"column":56}},"14":{"start":{"line":55,"column":23},"end":{"line":55,"column":null}},"15":{"start":{"line":57,"column":39},"end":{"line":57,"column":57}},"16":{"start":{"line":59,"column":2},"end":{"line":68,"column":null}}},"fnMap":{"0":{"name":"(anonymous_1)","decl":{"start":{"line":41,"column":1},"end":{"line":41,"column":null}},"loc":{"start":{"line":20,"column":24},"end":{"line":20,"column":28}}},"1":{"name":"(anonymous_2)","decl":{"start":{"line":43,"column":40},"end":{"line":43,"column":41}},"loc":{"start":{"line":43,"column":22},"end":{"line":43,"column":40}}},"2":{"name":"App","decl":{"start":{"line":20,"column":24},"end":{"line":20,"column":28}},"loc":{"start":{"line":20,"column":75},"end":{"line":41,"column":1}}},"3":{"name":"getServerSideProps","decl":{"start":{"line":43,"column":22},"end":{"line":43,"column":40}},"loc":{"start":{"line":43,"column":50},"end":{"line":69,"column":null}}}},"branchMap":{"0":{"loc":{"start":{"line":52,"column":15},"end":{"line":52,"column":54}},"type":"cond-expr","locations":[{"start":{"line":52,"column":22},"end":{"line":52,"column":46}},{"start":{"line":52,"column":46},"end":{"line":52,"column":54}}]},"1":{"loc":{"start":{"line":53,"column":16},"end":{"line":53,"column":56}},"type":"cond-expr","locations":[{"start":{"line":53,"column":23},"end":{"line":53,"column":47}},{"start":{"line":53,"column":47},"end":{"line":53,"column":56}}]},"2":{"loc":{"start":{"line":66,"column":15},"end":{"line":66,"column":null}},"type":"binary-expr","locations":[{"start":{"line":66,"column":15},"end":{"line":66,"column":26}},{"start":{"line":66,"column":26},"end":{"line":66,"column":null}}]}},"s":{"0":0,"1":0,"2":0,"3":0,"4":0,"5":0,"6":0,"7":0,"8":0,"9":0,"10":0,"11":0,"12":0,"13":0,"14":0,"15":0,"16":0},"f":{"0":0,"1":0,"2":0,"3":0},"b":{"0":[0,0],"1":[0,0],"2":[0,0]}}
,"/Users/zymmac/repos/coding-challenge-frontend-react/src/pages/_app.js": {"path":"/Users/zymmac/repos/coding-challenge-frontend-react/src/pages/_app.js","statementMap":{"0":{"start":{"line":5,"column":24},"end":{"line":5,"column":30}},"1":{"start":{"line":1,"column":7},"end":{"line":1,"column":null}},"2":{"start":{"line":2,"column":23},"end":{"line":2,"column":null}},"3":{"start":{"line":3,"column":25},"end":{"line":3,"column":null}}},"fnMap":{"0":{"name":"(anonymous_0)","decl":{"start":{"line":5,"column":24},"end":{"line":5,"column":30}},"loc":{"start":{"line":5,"column":24},"end":{"line":5,"column":30}}}},"branchMap":{},"s":{"0":0,"1":0,"2":0,"3":0},"f":{"0":0},"b":{}}
,"/Users/zymmac/repos/coding-challenge-frontend-react/src/pages/forgot-password.js": {"path":"/Users/zymmac/repos/coding-challenge-frontend-react/src/pages/forgot-password.js","statementMap":{"0":{"start":{"line":6,"column":24},"end":{"line":6,"column":41}},"1":{"start":{"line":1,"column":32},"end":{"line":1,"column":null}},"2":{"start":{"line":2,"column":17},"end":{"line":2,"column":null}},"3":{"start":{"line":3,"column":26},"end":{"line":3,"column":null}},"4":{"start":{"line":4,"column":24},"end":{"line":4,"column":null}},"5":{"start":{"line":7,"column":28},"end":{"line":7,"column":null}},"6":{"start":{"line":8,"column":32},"end":{"line":8,"column":null}},"7":{"start":{"line":9,"column":28},"end":{"line":9,"column":null}},"8":{"start":{"line":10,"column":28},"end":{"line":10,"column":null}},"9":{"start":{"line":11,"column":17},"end":{"line":11,"column":null}},"10":{"start":{"line":13,"column":23},"end":{"line":27,"column":null}},"11":{"start":{"line":14,"column":4},"end":{"line":14,"column":null}},"12":{"start":{"line":16,"column":4},"end":{"line":26,"column":null}},"13":{"start":{"line":17,"column":6},"end":{"line":17,"column":null}},"14":{"start":{"line":18,"column":6},"end":{"line":18,"column":null}},"15":{"start":{"line":19,"column":6},"end":{"line":22,"column":null}},"16":{"start":{"line":24,"column":6},"end":{"line":24,"column":null}},"17":{"start":{"line":25,"column":6},"end":{"line":25,"column":null}},"18":{"start":{"line":42,"column":33},"end":{"line":42,"column":null}}},"fnMap":{"0":{"name":"(anonymous_0)","decl":{"start":{"line":6,"column":24},"end":{"line":6,"column":41}},"loc":{"start":{"line":6,"column":24},"end":{"line":6,"column":41}}},"1":{"name":"(anonymous_6)","decl":{"start":{"line":13,"column":23},"end":{"line":13,"column":35}},"loc":{"start":{"line":13,"column":35},"end":{"line":27,"column":null}}},"2":{"name":"(anonymous_7)","decl":{"start":{"line":42,"column":26},"end":{"line":42,"column":27}},"loc":{"start":{"line":42,"column":33},"end":{"line":42,"column":null}}}},"branchMap":{"0":{"loc":{"start":{"line":33,"column":9},"end":{"line":33,"column":18}},"type":"binary-expr","locations":[{"start":{"line":33,"column":9},"end":{"line":33,"column":18}}]}},"s":{"0":0,"1":0,"2":0,"3":0,"4":0,"5":0,"6":0,"7":0,"8":0,"9":0,"10":0,"11":0,"12":0,"13":0,"14":0,"15":0,"16":0,"17":0,"18":0},"f":{"0":0,"1":0,"2":0},"b":{"0":[0]}}
,"/Users/zymmac/repos/coding-challenge-frontend-react/src/pages/index.js": {"path":"/Users/zymmac/repos/coding-challenge-frontend-react/src/pages/index.js","statementMap":{"0":{"start":{"line":4,"column":24},"end":{"line":4,"column":30}},"1":{"start":{"line":6,"column":22},"end":{"line":6,"column":40}},"2":{"start":{"line":1,"column":26},"end":{"line":1,"column":null}},"3":{"start":{"line":2,"column":25},"end":{"line":2,"column":null}},"4":{"start":{"line":7,"column":17},"end":{"line":7,"column":null}},"5":{"start":{"line":8,"column":22},"end":{"line":8,"column":35}},"6":{"start":{"line":10,"column":16},"end":{"line":10,"column":null}},"7":{"start":{"line":11,"column":34},"end":{"line":11,"column":null}},"8":{"start":{"line":12,"column":15},"end":{"line":12,"column":null}},"9":{"start":{"line":13,"column":22},"end":{"line":13,"column":null}},"10":{"start":{"line":15,"column":22},"end":{"line":15,"column":58}},"11":{"start":{"line":17,"column":2},"end":{"line":22,"column":null}}},"fnMap":{"0":{"name":"(anonymous_1)","decl":{"start":{"line":4,"column":32},"end":{"line":4,"column":null}},"loc":{"start":{"line":4,"column":24},"end":{"line":4,"column":30}}},"1":{"name":"(anonymous_2)","decl":{"start":{"line":6,"column":40},"end":{"line":6,"column":41}},"loc":{"start":{"line":6,"column":22},"end":{"line":6,"column":40}}},"2":{"name":"App","decl":{"start":{"line":4,"column":24},"end":{"line":4,"column":30}},"loc":{"start":{"line":4,"column":30},"end":{"line":4,"column":32}}},"3":{"name":"getServerSideProps","decl":{"start":{"line":6,"column":22},"end":{"line":6,"column":40}},"loc":{"start":{"line":6,"column":50},"end":{"line":23,"column":null}}}},"branchMap":{"0":{"loc":{"start":{"line":15,"column":22},"end":{"line":15,"column":58}},"type":"cond-expr","locations":[{"start":{"line":15,"column":32},"end":{"line":15,"column":53}},{"start":{"line":15,"column":56},"end":{"line":15,"column":58}}]}},"s":{"0":0,"1":0,"2":0,"3":0,"4":0,"5":0,"6":0,"7":0,"8":0,"9":0,"10":0,"11":0},"f":{"0":0,"1":0,"2":0,"3":0},"b":{"0":[0,0]}}
,"/Users/zymmac/repos/coding-challenge-frontend-react/src/pages/login.js": {"path":"/Users/zymmac/repos/coding-challenge-frontend-react/src/pages/login.js","statementMap":{"0":{"start":{"line":6,"column":24},"end":{"line":6,"column":32}},"1":{"start":{"line":1,"column":32},"end":{"line":1,"column":null}},"2":{"start":{"line":2,"column":17},"end":{"line":2,"column":null}},"3":{"start":{"line":3,"column":26},"end":{"line":3,"column":null}},"4":{"start":{"line":4,"column":24},"end":{"line":4,"column":null}},"5":{"start":{"line":7,"column":28},"end":{"line":7,"column":null}},"6":{"start":{"line":8,"column":34},"end":{"line":8,"column":null}},"7":{"start":{"line":9,"column":32},"end":{"line":9,"column":null}},"8":{"start":{"line":10,"column":20},"end":{"line":10,"column":null}},"9":{"start":{"line":11,"column":28},"end":{"line":11,"column":null}},"10":{"start":{"line":12,"column":17},"end":{"line":12,"column":null}},"11":{"start":{"line":13,"column":22},"end":{"line":13,"column":34}},"12":{"start":{"line":15,"column":23},"end":{"line":26,"column":null}},"13":{"start":{"line":16,"column":4},"end":{"line":16,"column":null}},"14":{"start":{"line":18,"column":4},"end":{"line":25,"column":null}},"15":{"start":{"line":19,"column":6},"end":{"line":19,"column":null}},"16":{"start":{"line":20,"column":6},"end":{"line":20,"column":null}},"17":{"start":{"line":21,"column":6},"end":{"line":21,"column":null}},"18":{"start":{"line":23,"column":6},"end":{"line":23,"column":null}},"19":{"start":{"line":24,"column":6},"end":{"line":24,"column":null}},"20":{"start":{"line":42,"column":33},"end":{"line":42,"column":null}},"21":{"start":{"line":54,"column":33},"end":{"line":54,"column":null}}},"fnMap":{"0":{"name":"(anonymous_0)","decl":{"start":{"line":6,"column":24},"end":{"line":6,"column":32}},"loc":{"start":{"line":6,"column":24},"end":{"line":6,"column":32}}},"1":{"name":"(anonymous_6)","decl":{"start":{"line":15,"column":23},"end":{"line":15,"column":35}},"loc":{"start":{"line":15,"column":35},"end":{"line":26,"column":null}}},"2":{"name":"(anonymous_7)","decl":{"start":{"line":42,"column":26},"end":{"line":42,"column":27}},"loc":{"start":{"line":42,"column":33},"end":{"line":42,"column":null}}},"3":{"name":"(anonymous_8)","decl":{"start":{"line":54,"column":26},"end":{"line":54,"column":27}},"loc":{"start":{"line":54,"column":33},"end":{"line":54,"column":null}}}},"branchMap":{"0":{"loc":{"start":{"line":32,"column":9},"end":{"line":32,"column":20}},"type":"binary-expr","locations":[{"start":{"line":32,"column":9},"end":{"line":32,"column":20}}]},"1":{"loc":{"start":{"line":33,"column":9},"end":{"line":33,"column":18}},"type":"binary-expr","locations":[{"start":{"line":33,"column":9},"end":{"line":33,"column":18}}]}},"s":{"0":0,"1":0,"2":0,"3":0,"4":0,"5":0,"6":0,"7":0,"8":0,"9":0,"10":0,"11":0,"12":0,"13":0,"14":0,"15":0,"16":0,"17":0,"18":0,"19":0,"20":0,"21":0},"f":{"0":0,"1":0,"2":0,"3":0},"b":{"0":[0],"1":[0]}}
,"/Users/zymmac/repos/coding-challenge-frontend-react/src/pages/signup.js": {"path":"/Users/zymmac/repos/coding-challenge-frontend-react/src/pages/signup.js","statementMap":{"0":{"start":{"line":6,"column":24},"end":{"line":6,"column":33}},"1":{"start":{"line":1,"column":32},"end":{"line":1,"column":null}},"2":{"start":{"line":2,"column":17},"end":{"line":2,"column":null}},"3":{"start":{"line":3,"column":26},"end":{"line":3,"column":null}},"4":{"start":{"line":4,"column":24},"end":{"line":4,"column":null}},"5":{"start":{"line":7,"column":21},"end":{"line":7,"column":null}},"6":{"start":{"line":8,"column":26},"end":{"line":8,"column":null}},"7":{"start":{"line":9,"column":28},"end":{"line":9,"column":null}},"8":{"start":{"line":10,"column":26},"end":{"line":10,"column":null}},"9":{"start":{"line":11,"column":34},"end":{"line":11,"column":null}},"10":{"start":{"line":12,"column":48},"end":{"line":12,"column":null}},"11":{"start":{"line":13,"column":32},"end":{"line":13,"column":null}},"12":{"start":{"line":14,"column":28},"end":{"line":14,"column":null}},"13":{"start":{"line":15,"column":17},"end":{"line":15,"column":null}},"14":{"start":{"line":18,"column":23},"end":{"line":32,"column":null}},"15":{"start":{"line":19,"column":4},"end":{"line":21,"column":5}},"16":{"start":{"line":20,"column":6},"end":{"line":20,"column":null}},"17":{"start":{"line":23,"column":4},"end":{"line":23,"column":null}},"18":{"start":{"line":24,"column":4},"end":{"line":31,"column":null}},"19":{"start":{"line":25,"column":6},"end":{"line":25,"column":null}},"20":{"start":{"line":26,"column":6},"end":{"line":26,"column":null}},"21":{"start":{"line":27,"column":6},"end":{"line":27,"column":null}},"22":{"start":{"line":29,"column":6},"end":{"line":29,"column":null}},"23":{"start":{"line":30,"column":6},"end":{"line":30,"column":null}},"24":{"start":{"line":47,"column":33},"end":{"line":47,"column":null}},"25":{"start":{"line":59,"column":33},"end":{"line":59,"column":null}},"26":{"start":{"line":70,"column":33},"end":{"line":70,"column":null}},"27":{"start":{"line":86,"column":33},"end":{"line":86,"column":null}},"28":{"start":{"line":98,"column":33},"end":{"line":98,"column":null}}},"fnMap":{"0":{"name":"(anonymous_0)","decl":{"start":{"line":6,"column":24},"end":{"line":6,"column":33}},"loc":{"start":{"line":6,"column":24},"end":{"line":6,"column":33}}},"1":{"name":"(anonymous_6)","decl":{"start":{"line":18,"column":23},"end":{"line":18,"column":35}},"loc":{"start":{"line":18,"column":35},"end":{"line":32,"column":null}}},"2":{"name":"(anonymous_7)","decl":{"start":{"line":47,"column":26},"end":{"line":47,"column":27}},"loc":{"start":{"line":47,"column":33},"end":{"line":47,"column":null}}},"3":{"name":"(anonymous_8)","decl":{"start":{"line":59,"column":26},"end":{"line":59,"column":27}},"loc":{"start":{"line":59,"column":33},"end":{"line":59,"column":null}}},"4":{"name":"(anonymous_9)","decl":{"start":{"line":70,"column":26},"end":{"line":70,"column":27}},"loc":{"start":{"line":70,"column":33},"end":{"line":70,"column":null}}},"5":{"name":"(anonymous_10)","decl":{"start":{"line":86,"column":26},"end":{"line":86,"column":27}},"loc":{"start":{"line":86,"column":33},"end":{"line":86,"column":null}}},"6":{"name":"(anonymous_11)","decl":{"start":{"line":98,"column":26},"end":{"line":98,"column":27}},"loc":{"start":{"line":98,"column":33},"end":{"line":98,"column":null}}}},"branchMap":{"0":{"loc":{"start":{"line":19,"column":4},"end":{"line":21,"column":5}},"type":"if","locations":[{"start":{"line":19,"column":4},"end":{"line":21,"column":5}}]},"1":{"loc":{"start":{"line":38,"column":9},"end":{"line":38,"column":18}},"type":"binary-expr","locations":[{"start":{"line":38,"column":9},"end":{"line":38,"column":18}}]}},"s":{"0":0,"1":0,"2":0,"3":0,"4":0,"5":0,"6":0,"7":0,"8":0,"9":0,"10":0,"11":0,"12":0,"13":0,"14":0,"15":0,"16":0,"17":0,"18":0,"19":0,"20":0,"21":0,"22":0,"23":0,"24":0,"25":0,"26":0,"27":0,"28":0},"f":{"0":0,"1":0,"2":0,"3":0,"4":0,"5":0,"6":0},"b":{"0":[0],"1":[0]}}
,"/Users/zymmac/repos/coding-challenge-frontend-react/src/pages/update-profile.js": {"path":"/Users/zymmac/repos/coding-challenge-frontend-react/src/pages/update-profile.js","statementMap":{"0":{"start":{"line":5,"column":24},"end":{"line":5,"column":40}},"1":{"start":{"line":1,"column":43},"end":{"line":1,"column":null}},"2":{"start":{"line":2,"column":26},"end":{"line":2,"column":null}},"3":{"start":{"line":3,"column":24},"end":{"line":3,"column":null}},"4":{"start":{"line":12,"column":6},"end":{"line":12,"column":null}},"5":{"start":{"line":13,"column":26},"end":{"line":13,"column":null}},"6":{"start":{"line":14,"column":34},"end":{"line":14,"column":null}},"7":{"start":{"line":15,"column":48},"end":{"line":15,"column":null}},"8":{"start":{"line":16,"column":32},"end":{"line":16,"column":null}},"9":{"start":{"line":17,"column":34},"end":{"line":17,"column":null}},"10":{"start":{"line":18,"column":42},"end":{"line":18,"column":null}},"11":{"start":{"line":19,"column":28},"end":{"line":19,"column":null}},"12":{"start":{"line":20,"column":17},"end":{"line":20,"column":null}},"13":{"start":{"line":22,"column":18},"end":{"line":27,"column":null}},"14":{"start":{"line":23,"column":20},"end":{"line":23,"column":null}},"15":{"start":{"line":24,"column":17},"end":{"line":24,"column":null}},"16":{"start":{"line":25,"column":4},"end":{"line":25,"column":null}},"17":{"start":{"line":26,"column":4},"end":{"line":26,"column":null}},"18":{"start":{"line":29,"column":2},"end":{"line":34,"column":null}},"19":{"start":{"line":30,"column":4},"end":{"line":32,"column":5}},"20":{"start":{"line":31,"column":6},"end":{"line":31,"column":null}},"21":{"start":{"line":33,"column":4},"end":{"line":33,"column":null}},"22":{"start":{"line":37,"column":23},"end":{"line":68,"column":null}},"23":{"start":{"line":38,"column":4},"end":{"line":40,"column":5}},"24":{"start":{"line":39,"column":6},"end":{"line":39,"column":null}},"25":{"start":{"line":42,"column":4},"end":{"line":42,"column":null}},"26":{"start":{"line":43,"column":4},"end":{"line":67,"column":null}},"27":{"start":{"line":44,"column":23},"end":{"line":44,"column":25}},"28":{"start":{"line":45,"column":6},"end":{"line":45,"column":null}},"29":{"start":{"line":47,"column":6},"end":{"line":49,"column":7}},"30":{"start":{"line":48,"column":8},"end":{"line":48,"column":null}},"31":{"start":{"line":51,"column":6},"end":{"line":53,"column":7}},"32":{"start":{"line":52,"column":8},"end":{"line":52,"column":null}},"33":{"start":{"line":55,"column":6},"end":{"line":57,"column":7}},"34":{"start":{"line":56,"column":8},"end":{"line":56,"column":null}},"35":{"start":{"line":59,"column":6},"end":{"line":59,"column":null}},"36":{"start":{"line":60,"column":6},"end":{"line":61,"column":null}},"37":{"start":{"line":65,"column":6},"end":{"line":65,"column":null}},"38":{"start":{"line":66,"column":6},"end":{"line":66,"column":null}},"39":{"start":{"line":85,"column":18},"end":{"line":85,"column":null}},"40":{"start":{"line":99,"column":20},"end":{"line":99,"column":null}},"41":{"start":{"line":116,"column":33},"end":{"line":116,"column":null}},"42":{"start":{"line":127,"column":33},"end":{"line":127,"column":null}},"43":{"start":{"line":134,"column":47},"end":{"line":134,"column":62}}},"fnMap":{"0":{"name":"(anonymous_0)","decl":{"start":{"line":5,"column":24},"end":{"line":5,"column":40}},"loc":{"start":{"line":5,"column":24},"end":{"line":5,"column":40}}},"1":{"name":"(anonymous_5)","decl":{"start":{"line":22,"column":18},"end":{"line":22,"column":30}},"loc":{"start":{"line":22,"column":30},"end":{"line":27,"column":null}}},"2":{"name":"(anonymous_6)","decl":{"start":{"line":29,"column":12},"end":{"line":29,"column":18}},"loc":{"start":{"line":29,"column":18},"end":{"line":34,"column":5}}},"3":{"name":"(anonymous_7)","decl":{"start":{"line":37,"column":23},"end":{"line":37,"column":35}},"loc":{"start":{"line":37,"column":35},"end":{"line":68,"column":null}}},"4":{"name":"(anonymous_8)","decl":{"start":{"line":84,"column":26},"end":{"line":84,"column":27}},"loc":{"start":{"line":84,"column":33},"end":{"line":86,"column":null}}},"5":{"name":"(anonymous_9)","decl":{"start":{"line":98,"column":28},"end":{"line":98,"column":29}},"loc":{"start":{"line":98,"column":35},"end":{"line":100,"column":null}}},"6":{"name":"(anonymous_10)","decl":{"start":{"line":116,"column":26},"end":{"line":116,"column":27}},"loc":{"start":{"line":116,"column":33},"end":{"line":116,"column":null}}},"7":{"name":"(anonymous_11)","decl":{"start":{"line":127,"column":26},"end":{"line":127,"column":27}},"loc":{"start":{"line":127,"column":33},"end":{"line":127,"column":null}}},"8":{"name":"(anonymous_12)","decl":{"start":{"line":134,"column":41},"end":{"line":134,"column":47}},"loc":{"start":{"line":134,"column":47},"end":{"line":134,"column":62}}}},"branchMap":{"0":{"loc":{"start":{"line":13,"column":35},"end":{"line":13,"column":null}},"type":"binary-expr","locations":[{"start":{"line":13,"column":35},"end":{"line":13,"column":63}},{"start":{"line":13,"column":63},"end":{"line":13,"column":null}}]},"1":{"loc":{"start":{"line":23,"column":20},"end":{"line":23,"column":null}},"type":"binary-expr","locations":[{"start":{"line":23,"column":20},"end":{"line":23,"column":35}},{"start":{"line":23,"column":35},"end":{"line":23,"column":null}}]},"2":{"loc":{"start":{"line":25,"column":16},"end":{"line":25,"column":null}},"type":"binary-expr","locations":[{"start":{"line":25,"column":16},"end":{"line":25,"column":24}},{"start":{"line":25,"column":24},"end":{"line":25,"column":null}}]},"3":{"loc":{"start":{"line":26,"column":20},"end":{"line":26,"column":null}},"type":"binary-expr","locations":[{"start":{"line":26,"column":20},"end":{"line":26,"column":28}},{"start":{"line":26,"column":28},"end":{"line":26,"column":null}}]},"4":{"loc":{"start":{"line":30,"column":4},"end":{"line":32,"column":5}},"type":"if","locations":[{"start":{"line":30,"column":4},"end":{"line":32,"column":5}}]},"5":{"loc":{"start":{"line":38,"column":4},"end":{"line":40,"column":5}},"type":"if","locations":[{"start":{"line":38,"column":4},"end":{"line":40,"column":5}}]},"6":{"loc":{"start":{"line":47,"column":6},"end":{"line":49,"column":7}},"type":"if","locations":[{"start":{"line":47,"column":6},"end":{"line":49,"column":7}}]},"7":{"loc":{"start":{"line":51,"column":6},"end":{"line":53,"column":7}},"type":"if","locations":[{"start":{"line":51,"column":6},"end":{"line":53,"column":7}}]},"8":{"loc":{"start":{"line":55,"column":6},"end":{"line":57,"column":7}},"type":"if","locations":[{"start":{"line":55,"column":6},"end":{"line":57,"column":7}}]},"9":{"loc":{"start":{"line":61,"column":12},"end":{"line":61,"column":67}},"type":"cond-expr","locations":[{"start":{"line":61,"column":36},"end":{"line":61,"column":65}},{"start":{"line":61,"column":65},"end":{"line":61,"column":67}}]},"10":{"loc":{"start":{"line":75,"column":9},"end":{"line":75,"column":18}},"type":"binary-expr","locations":[{"start":{"line":75,"column":9},"end":{"line":75,"column":18}}]},"11":{"loc":{"start":{"line":94,"column":15},"end":{"line":94,"column":null}},"type":"binary-expr","locations":[{"start":{"line":94,"column":15},"end":{"line":94,"column":null}}]}},"s":{"0":0,"1":0,"2":0,"3":0,"4":0,"5":0,"6":0,"7":0,"8":0,"9":0,"10":0,"11":0,"12":0,"13":0,"14":0,"15":0,"16":0,"17":0,"18":0,"19":0,"20":0,"21":0,"22":0,"23":0,"24":0,"25":0,"26":0,"27":0,"28":0,"29":0,"30":0,"31":0,"32":0,"33":0,"34":0,"35":0,"36":0,"37":0,"38":0,"39":0,"40":0,"41":0,"42":0,"43":0},"f":{"0":0,"1":0,"2":0,"3":0,"4":0,"5":0,"6":0,"7":0,"8":0},"b":{"0":[0,0],"1":[0,0],"2":[0,0],"3":[0,0],"4":[0],"5":[0],"6":[0],"7":[0],"8":[0],"9":[0,0],"10":[0],"11":[0]}}
,"/Users/zymmac/repos/coding-challenge-frontend-react/src/utils/fetch.js": {"path":"/Users/zymmac/repos/coding-challenge-frontend-react/src/utils/fetch.js","statementMap":{"0":{"start":{"line":7,"column":22},"end":{"line":7,"column":31}},"1":{"start":{"line":29,"column":22},"end":{"line":29,"column":32}},"2":{"start":{"line":47,"column":22},"end":{"line":47,"column":33}},"3":{"start":{"line":1,"column":30},"end":{"line":1,"column":null}},"4":{"start":{"line":2,"column":32},"end":{"line":2,"column":null}},"5":{"start":{"line":4,"column":16},"end":{"line":4,"column":59}},"6":{"start":{"line":5,"column":23},"end":{"line":5,"column":61}},"7":{"start":{"line":8,"column":16},"end":{"line":8,"column":null}},"8":{"start":{"line":10,"column":2},"end":{"line":26,"column":null}},"9":{"start":{"line":11,"column":16},"end":{"line":12,"column":null}},"10":{"start":{"line":14,"column":17},"end":{"line":14,"column":null}},"11":{"start":{"line":16,"column":4},"end":{"line":23,"column":null}},"12":{"start":{"line":16,"column":48},"end":{"line":23,"column":null}},"13":{"start":{"line":25,"column":4},"end":{"line":25,"column":null}},"14":{"start":{"line":30,"column":16},"end":{"line":30,"column":null}},"15":{"start":{"line":32,"column":2},"end":{"line":44,"column":null}},"16":{"start":{"line":33,"column":16},"end":{"line":34,"column":null}},"17":{"start":{"line":36,"column":17},"end":{"line":36,"column":null}},"18":{"start":{"line":37,"column":23},"end":{"line":37,"column":null}},"19":{"start":{"line":38,"column":4},"end":{"line":41,"column":null}},"20":{"start":{"line":38,"column":44},"end":{"line":41,"column":null}},"21":{"start":{"line":43,"column":4},"end":{"line":43,"column":null}},"22":{"start":{"line":48,"column":17},"end":{"line":48,"column":null}},"23":{"start":{"line":49,"column":18},"end":{"line":49,"column":null}},"24":{"start":{"line":50,"column":23},"end":{"line":50,"column":null}},"25":{"start":{"line":52,"column":21},"end":{"line":52,"column":39}},"26":{"start":{"line":53,"column":2},"end":{"line":56,"column":null}}},"fnMap":{"0":{"name":"(anonymous_1)","decl":{"start":{"line":7,"column":31},"end":{"line":7,"column":34}},"loc":{"start":{"line":7,"column":22},"end":{"line":7,"column":31}}},"1":{"name":"(anonymous_2)","decl":{"start":{"line":29,"column":32},"end":{"line":29,"column":35}},"loc":{"start":{"line":29,"column":22},"end":{"line":29,"column":32}}},"2":{"name":"(anonymous_3)","decl":{"start":{"line":47,"column":33},"end":{"line":47,"column":34}},"loc":{"start":{"line":47,"column":22},"end":{"line":47,"column":33}}},"3":{"name":"getOrders","decl":{"start":{"line":7,"column":22},"end":{"line":7,"column":31}},"loc":{"start":{"line":7,"column":34},"end":{"line":27,"column":null}}},"4":{"name":"(anonymous_6)","decl":{"start":{"line":16,"column":36},"end":{"line":16,"column":37}},"loc":{"start":{"line":16,"column":48},"end":{"line":23,"column":null}}},"5":{"name":"getTargets","decl":{"start":{"line":29,"column":22},"end":{"line":29,"column":32}},"loc":{"start":{"line":29,"column":35},"end":{"line":45,"column":null}}},"6":{"name":"(anonymous_8)","decl":{"start":{"line":38,"column":31},"end":{"line":38,"column":32}},"loc":{"start":{"line":38,"column":44},"end":{"line":41,"column":null}}},"7":{"name":"refreshData","decl":{"start":{"line":47,"column":22},"end":{"line":47,"column":33}},"loc":{"start":{"line":47,"column":47},"end":{"line":57,"column":null}}}},"branchMap":{},"s":{"0":2,"1":2,"2":1,"3":6,"4":6,"5":6,"6":6,"7":1,"8":1,"9":1,"10":1,"11":1,"12":3,"13":0,"14":1,"15":1,"16":1,"17":1,"18":1,"19":1,"20":3,"21":0,"22":0,"23":0,"24":0,"25":0,"26":0},"f":{"0":2,"1":2,"2":1,"3":1,"4":3,"5":1,"6":3,"7":0},"b":{}}
,"/Users/zymmac/repos/coding-challenge-frontend-react/src/utils/filter-and-sort-orders.js": {"path":"/Users/zymmac/repos/coding-challenge-frontend-react/src/utils/filter-and-sort-orders.js","statementMap":{"0":{"start":{"line":5,"column":0},"end":{"line":5,"column":15}},"1":{"start":{"line":1,"column":28},"end":{"line":3,"column":null}},"2":{"start":{"line":1,"column":53},"end":{"line":3,"column":null}},"3":{"start":{"line":2,"column":13},"end":{"line":2,"column":null}},"4":{"start":{"line":3,"column":17},"end":{"line":3,"column":30}},"5":{"start":{"line":5,"column":15},"end":{"line":5,"column":null}}},"fnMap":{"0":{"name":"(anonymous_0)","decl":{"start":{"line":5,"column":0},"end":{"line":5,"column":15}},"loc":{"start":{"line":5,"column":0},"end":{"line":5,"column":15}}},"1":{"name":"(anonymous_1)","decl":{"start":{"line":1,"column":28},"end":{"line":1,"column":29}},"loc":{"start":{"line":1,"column":53},"end":{"line":3,"column":null}}},"2":{"name":"(anonymous_2)","decl":{"start":{"line":2,"column":2},"end":{"line":2,"column":3}},"loc":{"start":{"line":2,"column":13},"end":{"line":2,"column":null}}},"3":{"name":"(anonymous_3)","decl":{"start":{"line":3,"column":7},"end":{"line":3,"column":8}},"loc":{"start":{"line":3,"column":17},"end":{"line":3,"column":30}}}},"branchMap":{"0":{"loc":{"start":{"line":2,"column":13},"end":{"line":2,"column":null}},"type":"binary-expr","locations":[{"start":{"line":2,"column":13},"end":{"line":2,"column":36}},{"start":{"line":2,"column":36},"end":{"line":2,"column":null}}]}},"s":{"0":1,"1":6,"2":0,"3":0,"4":0,"5":6},"f":{"0":1,"1":0,"2":0,"3":0},"b":{"0":[0,0]}}
,"/Users/zymmac/repos/coding-challenge-frontend-react/src/utils/format-numbers.js": {"path":"/Users/zymmac/repos/coding-challenge-frontend-react/src/utils/format-numbers.js","statementMap":{"0":{"start":{"line":42,"column":9},"end":{"line":42,"column":23}},"1":{"start":{"line":42,"column":25},"end":{"line":42,"column":38}},"2":{"start":{"line":42,"column":40},"end":{"line":42,"column":55}},"3":{"start":{"line":1,"column":23},"end":{"line":1,"column":null}},"4":{"start":{"line":1,"column":34},"end":{"line":1,"column":null}},"5":{"start":{"line":4,"column":19},"end":{"line":4,"column":null}},"6":{"start":{"line":5,"column":15},"end":{"line":5,"column":null}},"7":{"start":{"line":6,"column":17},"end":{"line":6,"column":null}},"8":{"start":{"line":8,"column":2},"end":{"line":8,"column":null}},"9":{"start":{"line":8,"column":18},"end":{"line":8,"column":null}},"10":{"start":{"line":10,"column":2},"end":{"line":10,"column":null}},"11":{"start":{"line":10,"column":20},"end":{"line":10,"column":null}},"12":{"start":{"line":12,"column":19},"end":{"line":12,"column":null}},"13":{"start":{"line":13,"column":21},"end":{"line":13,"column":null}},"14":{"start":{"line":15,"column":23},"end":{"line":17,"column":null}},"15":{"start":{"line":19,"column":25},"end":{"line":21,"column":null}},"16":{"start":{"line":23,"column":20},"end":{"line":23,"column":null}},"17":{"start":{"line":24,"column":20},"end":{"line":24,"column":null}},"18":{"start":{"line":25,"column":2},"end":{"line":27,"column":3}},"19":{"start":{"line":26,"column":4},"end":{"line":26,"column":null}},"20":{"start":{"line":28,"column":2},"end":{"line":30,"column":3}},"21":{"start":{"line":29,"column":4},"end":{"line":29,"column":null}},"22":{"start":{"line":32,"column":2},"end":{"line":36,"column":null}},"23":{"start":{"line":40,"column":24},"end":{"line":40,"column":72}},"24":{"start":{"line":40,"column":37},"end":{"line":40,"column":72}}},"fnMap":{"0":{"name":"(anonymous_1)","decl":{"start":{"line":42,"column":23},"end":{"line":42,"column":25}},"loc":{"start":{"line":42,"column":9},"end":{"line":42,"column":23}}},"1":{"name":"(anonymous_2)","decl":{"start":{"line":42,"column":38},"end":{"line":42,"column":40}},"loc":{"start":{"line":42,"column":25},"end":{"line":42,"column":38}}},"2":{"name":"(anonymous_3)","decl":{"start":{"line":42,"column":55},"end":{"line":42,"column":null}},"loc":{"start":{"line":42,"column":40},"end":{"line":42,"column":55}}},"3":{"name":"(anonymous_4)","decl":{"start":{"line":1,"column":23},"end":{"line":1,"column":24}},"loc":{"start":{"line":1,"column":34},"end":{"line":1,"column":null}}},"4":{"name":"parseCurrency","decl":{"start":{"line":3,"column":9},"end":{"line":3,"column":23}},"loc":{"start":{"line":3,"column":39},"end":{"line":38,"column":null}}},"5":{"name":"(anonymous_6)","decl":{"start":{"line":40,"column":24},"end":{"line":40,"column":25}},"loc":{"start":{"line":40,"column":37},"end":{"line":40,"column":72}}}},"branchMap":{"0":{"loc":{"start":{"line":8,"column":2},"end":{"line":8,"column":null}},"type":"if","locations":[{"start":{"line":8,"column":2},"end":{"line":8,"column":null}}]},"1":{"loc":{"start":{"line":10,"column":2},"end":{"line":10,"column":null}},"type":"if","locations":[{"start":{"line":10,"column":2},"end":{"line":10,"column":null}}]},"2":{"loc":{"start":{"line":15,"column":23},"end":{"line":17,"column":null}},"type":"binary-expr","locations":[{"start":{"line":15,"column":23},"end":{"line":15,"column":null}},{"start":{"line":16,"column":8},"end":{"line":16,"column":20}},{"start":{"line":16,"column":21},"end":{"line":16,"column":null}},{"start":{"line":17,"column":8},"end":{"line":17,"column":21}},{"start":{"line":17,"column":21},"end":{"line":17,"column":63}}]},"3":{"loc":{"start":{"line":19,"column":25},"end":{"line":21,"column":null}},"type":"binary-expr","locations":[{"start":{"line":19,"column":25},"end":{"line":19,"column":null}},{"start":{"line":20,"column":8},"end":{"line":20,"column":18}},{"start":{"line":20,"column":19},"end":{"line":20,"column":null}},{"start":{"line":21,"column":8},"end":{"line":21,"column":19}},{"start":{"line":21,"column":19},"end":{"line":21,"column":65}}]},"4":{"loc":{"start":{"line":25,"column":2},"end":{"line":27,"column":3}},"type":"if","locations":[{"start":{"line":25,"column":2},"end":{"line":27,"column":3}}]},"5":{"loc":{"start":{"line":28,"column":2},"end":{"line":30,"column":3}},"type":"if","locations":[{"start":{"line":28,"column":2},"end":{"line":30,"column":3}}]},"6":{"loc":{"start":{"line":40,"column":37},"end":{"line":40,"column":72}},"type":"cond-expr","locations":[{"start":{"line":40,"column":51},"end":{"line":40,"column":63}},{"start":{"line":40,"column":66},"end":{"line":40,"column":72}}]}},"s":{"0":6,"1":7,"2":2,"3":6,"4":5,"5":6,"6":6,"7":6,"8":6,"9":6,"10":6,"11":3,"12":6,"13":6,"14":6,"15":6,"16":6,"17":6,"18":6,"19":0,"20":6,"21":0,"22":6,"23":6,"24":1},"f":{"0":6,"1":7,"2":2,"3":5,"4":6,"5":1},"b":{"0":[6],"1":[3],"2":[6,0,0,0,0],"3":[6,3,0,3,3],"4":[0],"5":[0],"6":[0,1]}}
,"/Users/zymmac/repos/coding-challenge-frontend-react/src/utils/get-slugs.js": {"path":"/Users/zymmac/repos/coding-challenge-frontend-react/src/utils/get-slugs.js","statementMap":{"0":{"start":{"line":1,"column":13},"end":{"line":1,"column":21}},"1":{"start":{"line":23,"column":13},"end":{"line":23,"column":21}},"2":{"start":{"line":1,"column":24},"end":{"line":21,"column":null}},"3":{"start":{"line":2,"column":20},"end":{"line":2,"column":null}},"4":{"start":{"line":2,"column":54},"end":{"line":2,"column":64}},"5":{"start":{"line":3,"column":19},"end":{"line":3,"column":null}},"6":{"start":{"line":3,"column":53},"end":{"line":3,"column":63}},"7":{"start":{"line":4,"column":21},"end":{"line":7,"column":null}},"8":{"start":{"line":6,"column":25},"end":{"line":6,"column":null}},"9":{"start":{"line":7,"column":22},"end":{"line":7,"column":33}},"10":{"start":{"line":9,"column":20},"end":{"line":12,"column":null}},"11":{"start":{"line":11,"column":25},"end":{"line":11,"column":null}},"12":{"start":{"line":12,"column":22},"end":{"line":12,"column":33}},"13":{"start":{"line":15,"column":2},"end":{"line":20,"column":null}},"14":{"start":{"line":23,"column":24},"end":{"line":41,"column":null}},"15":{"start":{"line":24,"column":57},"end":{"line":24,"column":null}},"16":{"start":{"line":26,"column":22},"end":{"line":26,"column":null}},"17":{"start":{"line":28,"column":16},"end":{"line":28,"column":18}},"18":{"start":{"line":29,"column":2},"end":{"line":38,"column":null}},"19":{"start":{"line":29,"column":15},"end":{"line":29,"column":18}},"20":{"start":{"line":30,"column":17},"end":{"line":30,"column":null}},"21":{"start":{"line":31,"column":18},"end":{"line":31,"column":null}},"22":{"start":{"line":33,"column":4},"end":{"line":37,"column":null}},"23":{"start":{"line":40,"column":2},"end":{"line":40,"column":null}}},"fnMap":{"0":{"name":"(anonymous_1)","decl":{"start":{"line":1,"column":21},"end":{"line":1,"column":24}},"loc":{"start":{"line":1,"column":13},"end":{"line":1,"column":21}}},"1":{"name":"(anonymous_2)","decl":{"start":{"line":23,"column":21},"end":{"line":23,"column":24}},"loc":{"start":{"line":23,"column":13},"end":{"line":23,"column":21}}},"2":{"name":"(anonymous_3)","decl":{"start":{"line":1,"column":24},"end":{"line":1,"column":25}},"loc":{"start":{"line":1,"column":36},"end":{"line":21,"column":null}}},"3":{"name":"(anonymous_4)","decl":{"start":{"line":2,"column":43},"end":{"line":2,"column":44}},"loc":{"start":{"line":2,"column":54},"end":{"line":2,"column":64}}},"4":{"name":"(anonymous_5)","decl":{"start":{"line":3,"column":42},"end":{"line":3,"column":43}},"loc":{"start":{"line":3,"column":53},"end":{"line":3,"column":63}}},"5":{"name":"(anonymous_6)","decl":{"start":{"line":6,"column":14},"end":{"line":6,"column":15}},"loc":{"start":{"line":6,"column":25},"end":{"line":6,"column":null}}},"6":{"name":"(anonymous_7)","decl":{"start":{"line":7,"column":11},"end":{"line":7,"column":12}},"loc":{"start":{"line":7,"column":22},"end":{"line":7,"column":33}}},"7":{"name":"(anonymous_8)","decl":{"start":{"line":11,"column":14},"end":{"line":11,"column":15}},"loc":{"start":{"line":11,"column":25},"end":{"line":11,"column":null}}},"8":{"name":"(anonymous_9)","decl":{"start":{"line":12,"column":11},"end":{"line":12,"column":12}},"loc":{"start":{"line":12,"column":22},"end":{"line":12,"column":33}}},"9":{"name":"(anonymous_10)","decl":{"start":{"line":23,"column":24},"end":{"line":23,"column":25}},"loc":{"start":{"line":23,"column":36},"end":{"line":41,"column":null}}}},"branchMap":{},"s":{"0":1,"1":1,"2":5,"3":0,"4":0,"5":0,"6":0,"7":0,"8":0,"9":0,"10":0,"11":0,"12":0,"13":0,"14":5,"15":0,"16":0,"17":0,"18":0,"19":0,"20":0,"21":0,"22":0,"23":0},"f":{"0":1,"1":1,"2":0,"3":0,"4":0,"5":0,"6":0,"7":0,"8":0,"9":0},"b":{}}
,"/Users/zymmac/repos/coding-challenge-frontend-react/src/utils/get-total.js": {"path":"/Users/zymmac/repos/coding-challenge-frontend-react/src/utils/get-total.js","statementMap":{"0":{"start":{"line":1,"column":24},"end":{"line":1,"column":33}},"1":{"start":{"line":2,"column":2},"end":{"line":4,"column":3}},"2":{"start":{"line":3,"column":4},"end":{"line":3,"column":null}},"3":{"start":{"line":3,"column":41},"end":{"line":3,"column":64}},"4":{"start":{"line":6,"column":2},"end":{"line":6,"column":null}}},"fnMap":{"0":{"name":"(anonymous_0)","decl":{"start":{"line":1,"column":24},"end":{"line":1,"column":33}},"loc":{"start":{"line":1,"column":24},"end":{"line":1,"column":33}}},"1":{"name":"(anonymous_2)","decl":{"start":{"line":3,"column":25},"end":{"line":3,"column":26}},"loc":{"start":{"line":3,"column":41},"end":{"line":3,"column":64}}}},"branchMap":{"0":{"loc":{"start":{"line":2,"column":2},"end":{"line":4,"column":3}},"type":"if","locations":[{"start":{"line":2,"column":2},"end":{"line":4,"column":3}}]}},"s":{"0":1,"1":0,"2":0,"3":0,"4":0},"f":{"0":1,"1":0},"b":{"0":[0]}}
,"/Users/zymmac/repos/coding-challenge-frontend-react/src/utils/index.js": {"path":"/Users/zymmac/repos/coding-challenge-frontend-react/src/utils/index.js","statementMap":{"0":{"start":{"line":8,"column":2},"end":{"line":8,"column":11}},"1":{"start":{"line":9,"column":2},"end":{"line":9,"column":12}},"2":{"start":{"line":10,"column":2},"end":{"line":10,"column":10}},"3":{"start":{"line":11,"column":2},"end":{"line":11,"column":10}},"4":{"start":{"line":12,"column":2},"end":{"line":12,"column":10}},"5":{"start":{"line":13,"column":2},"end":{"line":13,"column":13}},"6":{"start":{"line":14,"column":2},"end":{"line":14,"column":21}},"7":{"start":{"line":15,"column":2},"end":{"line":15,"column":15}},"8":{"start":{"line":16,"column":2},"end":{"line":16,"column":17}},"9":{"start":{"line":17,"column":2},"end":{"line":17,"column":16}},"10":{"start":{"line":1,"column":51},"end":{"line":1,"column":null}},"11":{"start":{"line":2,"column":35},"end":{"line":2,"column":null}},"12":{"start":{"line":3,"column":21},"end":{"line":3,"column":null}},"13":{"start":{"line":4,"column":32},"end":{"line":4,"column":null}},"14":{"start":{"line":5,"column":63},"end":{"line":5,"column":null}}},"fnMap":{"0":{"name":"(anonymous_1)","decl":{"start":{"line":8,"column":11},"end":{"line":8,"column":null}},"loc":{"start":{"line":8,"column":2},"end":{"line":8,"column":11}}},"1":{"name":"(anonymous_2)","decl":{"start":{"line":9,"column":12},"end":{"line":9,"column":null}},"loc":{"start":{"line":9,"column":2},"end":{"line":9,"column":12}}},"2":{"name":"(anonymous_3)","decl":{"start":{"line":10,"column":10},"end":{"line":10,"column":null}},"loc":{"start":{"line":10,"column":2},"end":{"line":10,"column":10}}},"3":{"name":"(anonymous_4)","decl":{"start":{"line":11,"column":10},"end":{"line":11,"column":null}},"loc":{"start":{"line":11,"column":2},"end":{"line":11,"column":10}}},"4":{"name":"(anonymous_5)","decl":{"start":{"line":12,"column":10},"end":{"line":12,"column":null}},"loc":{"start":{"line":12,"column":2},"end":{"line":12,"column":10}}},"5":{"name":"(anonymous_6)","decl":{"start":{"line":13,"column":13},"end":{"line":13,"column":null}},"loc":{"start":{"line":13,"column":2},"end":{"line":13,"column":13}}},"6":{"name":"(anonymous_7)","decl":{"start":{"line":14,"column":21},"end":{"line":14,"column":null}},"loc":{"start":{"line":14,"column":2},"end":{"line":14,"column":21}}},"7":{"name":"(anonymous_8)","decl":{"start":{"line":15,"column":15},"end":{"line":15,"column":null}},"loc":{"start":{"line":15,"column":2},"end":{"line":15,"column":15}}},"8":{"name":"(anonymous_9)","decl":{"start":{"line":16,"column":17},"end":{"line":16,"column":null}},"loc":{"start":{"line":16,"column":2},"end":{"line":16,"column":17}}},"9":{"name":"(anonymous_10)","decl":{"start":{"line":17,"column":16},"end":{"line":17,"column":null}},"loc":{"start":{"line":17,"column":2},"end":{"line":17,"column":16}}}},"branchMap":{},"s":{"0":1,"1":1,"2":1,"3":1,"4":1,"5":1,"6":1,"7":1,"8":2,"9":6,"10":5,"11":5,"12":5,"13":5,"14":5},"f":{"0":1,"1":1,"2":1,"3":1,"4":1,"5":1,"6":1,"7":1,"8":2,"9":6},"b":{}}
,"/Users/zymmac/repos/coding-challenge-frontend-react/src/utils/update.js": {"path":"/Users/zymmac/repos/coding-challenge-frontend-react/src/utils/update.js","statementMap":{"0":{"start":{"line":1,"column":13},"end":{"line":1,"column":22}},"1":{"start":{"line":13,"column":13},"end":{"line":13,"column":26}},"2":{"start":{"line":1,"column":25},"end":{"line":11,"column":null}},"3":{"start":{"line":2,"column":16},"end":{"line":2,"column":45}},"4":{"start":{"line":3,"column":59},"end":{"line":3,"column":null}},"5":{"start":{"line":5,"column":2},"end":{"line":5,"column":null}},"6":{"start":{"line":6,"column":2},"end":{"line":6,"column":null}},"7":{"start":{"line":6,"column":19},"end":{"line":6,"column":null}},"8":{"start":{"line":7,"column":2},"end":{"line":7,"column":null}},"9":{"start":{"line":7,"column":17},"end":{"line":7,"column":null}},"10":{"start":{"line":8,"column":2},"end":{"line":8,"column":null}},"11":{"start":{"line":8,"column":15},"end":{"line":8,"column":null}},"12":{"start":{"line":9,"column":2},"end":{"line":9,"column":null}},"13":{"start":{"line":9,"column":19},"end":{"line":9,"column":null}},"14":{"start":{"line":10,"column":2},"end":{"line":10,"column":null}},"15":{"start":{"line":13,"column":29},"end":{"line":13,"column":null}}},"fnMap":{"0":{"name":"(anonymous_1)","decl":{"start":{"line":1,"column":22},"end":{"line":1,"column":25}},"loc":{"start":{"line":1,"column":13},"end":{"line":1,"column":22}}},"1":{"name":"(anonymous_2)","decl":{"start":{"line":13,"column":26},"end":{"line":13,"column":29}},"loc":{"start":{"line":13,"column":13},"end":{"line":13,"column":26}}},"2":{"name":"(anonymous_3)","decl":{"start":{"line":1,"column":25},"end":{"line":1,"column":32}},"loc":{"start":{"line":1,"column":71},"end":{"line":11,"column":null}}},"3":{"name":"(anonymous_4)","decl":{"start":{"line":13,"column":29},"end":{"line":13,"column":35}},"loc":{"start":{"line":13,"column":35},"end":{"line":13,"column":null}}}},"branchMap":{"0":{"loc":{"start":{"line":1,"column":54},"end":{"line":1,"column":66}},"type":"default-arg","locations":[{"start":{"line":1,"column":64},"end":{"line":1,"column":66}}]},"1":{"loc":{"start":{"line":6,"column":2},"end":{"line":6,"column":null}},"type":"if","locations":[{"start":{"line":6,"column":2},"end":{"line":6,"column":null}}]},"2":{"loc":{"start":{"line":7,"column":2},"end":{"line":7,"column":null}},"type":"if","locations":[{"start":{"line":7,"column":2},"end":{"line":7,"column":null}}]},"3":{"loc":{"start":{"line":8,"column":2},"end":{"line":8,"column":null}},"type":"if","locations":[{"start":{"line":8,"column":2},"end":{"line":8,"column":null}}]},"4":{"loc":{"start":{"line":9,"column":2},"end":{"line":9,"column":null}},"type":"if","locations":[{"start":{"line":9,"column":2},"end":{"line":9,"column":null}}]}},"s":{"0":0,"1":0,"2":1,"3":0,"4":0,"5":0,"6":0,"7":0,"8":0,"9":0,"10":0,"11":0,"12":0,"13":0,"14":0,"15":1},"f":{"0":0,"1":0,"2":0,"3":0},"b":{"0":[0],"1":[0],"2":[0],"3":[0],"4":[0]}}
}
