TN:
SF:src/components/index.js
FN:8,(anonymous_1)
FN:8,(anonymous_2)
FN:8,(anonymous_3)
FN:8,(anonymous_4)
FN:8,(anonymous_5)
FN:8,(anonymous_6)
FNF:6
FNH:6
FNDA:1,(anonymous_1)
FNDA:1,(anonymous_2)
FNDA:1,(anonymous_3)
FNDA:1,(anonymous_4)
FNDA:1,(anonymous_5)
FNDA:1,(anonymous_6)
DA:1,1
DA:2,1
DA:3,1
DA:4,1
DA:5,1
DA:6,1
DA:8,1
LF:7
LH:7
BRF:0
BRH:0
end_of_record
TN:
SF:src/components/Background/background.js
FN:3,(anonymous_0)
FNF:1
FNH:1
FNDA:1,(anonymous_0)
DA:1,1
DA:3,1
LF:2
LH:2
BRF:0
BRH:0
end_of_record
TN:
SF:src/components/NavBar/arrow.js
FN:8,(anonymous_0)
FNF:1
FNH:0
FNDA:0,(anonymous_0)
DA:1,1
DA:2,1
DA:3,1
DA:4,1
DA:6,1
DA:8,0
LF:6
LH:5
BRDA:8,0,0,0
BRDA:8,1,0,0
BRDA:14,2,0,0
BRDA:14,2,1,0
BRF:4
BRH:0
end_of_record
TN:
SF:src/components/NavBar/nav-bar.js
FN:6,(anonymous_0)
FNF:1
FNH:1
FNDA:1,(anonymous_0)
DA:1,1
DA:2,1
DA:3,1
DA:4,1
DA:6,1
DA:7,0
DA:9,0
DA:10,0
LF:8
LH:5
BRDA:9,0,0,0
BRDA:9,0,1,0
BRDA:10,1,0,0
BRDA:10,1,1,0
BRF:4
BRH:0
end_of_record
TN:
SF:src/components/NavBar/helpers/get-month-path.js
FN:10,(anonymous_0)
FN:3,(anonymous_1)
FNF:2
FNH:1
FNDA:1,(anonymous_0)
FNDA:0,(anonymous_1)
DA:1,2
DA:3,2
DA:4,0
DA:5,0
DA:7,0
DA:10,2
LF:6
LH:3
BRF:0
BRH:0
end_of_record
TN:
SF:src/components/NavBar/helpers/index.js
FN:4,(anonymous_0)
FNF:1
FNH:1
FNDA:1,(anonymous_0)
DA:2,2
DA:4,1
LF:2
LH:2
BRF:0
BRH:0
end_of_record
TN:
SF:src/components/ProgressBar/progress-bar.js
FN:5,(anonymous_0)
FNF:1
FNH:1
FNDA:1,(anonymous_0)
DA:1,1
DA:2,1
DA:3,1
DA:5,1
DA:6,0
LF:5
LH:4
BRF:0
BRH:0
end_of_record
TN:
SF:src/components/RefreshCounter/refresh-counter.js
FN:8,(anonymous_0)
FN:14,(anonymous_3)
FN:25,(anonymous_4)
FN:27,(anonymous_5)
FN:30,(anonymous_6)
FNF:5
FNH:3
FNDA:3,(anonymous_0)
FNDA:0,(anonymous_3)
FNDA:1,(anonymous_4)
FNDA:0,(anonymous_5)
FNDA:1,(anonymous_6)
DA:1,2
DA:2,2
DA:3,2
DA:4,2
DA:5,2
DA:6,2
DA:8,2
DA:9,1
DA:10,1
DA:11,1
DA:12,1
DA:14,1
DA:15,0
DA:16,0
DA:17,0
DA:18,0
DA:20,0
DA:21,0
DA:25,1
DA:26,1
DA:27,0
DA:30,1
DA:31,1
LF:23
LH:16
BRDA:17,0,0,0
BRDA:17,0,1,0
BRDA:17,1,0,0
BRDA:17,1,1,0
BRDA:27,2,0,0
BRDA:27,2,1,0
BRDA:37,3,0,1
BRDA:37,3,1,0
BRF:8
BRH:1
end_of_record
TN:
SF:src/components/Tables/tables.js
FN:18,(anonymous_0)
FN:5,Tables
FNF:2
FNH:1
FNDA:1,(anonymous_0)
FNDA:0,Tables
DA:1,1
DA:2,1
DA:3,1
DA:18,1
LF:4
LH:4
BRF:0
BRH:0
end_of_record
TN:
SF:src/components/Tables/top-products.js
FN:6,(anonymous_0)
FN:25,(anonymous_3)
FN:25,(anonymous_4)
FNF:3
FNH:3
FNDA:2,(anonymous_0)
FNDA:1,(anonymous_3)
FNDA:2,(anonymous_4)
DA:1,2
DA:2,2
DA:3,2
DA:4,2
DA:6,1
DA:7,1
DA:25,2
DA:26,2
DA:27,2
DA:29,2
LF:10
LH:10
BRF:0
BRH:0
end_of_record
TN:
SF:src/components/Tables/top-recent-orders.js
FN:5,(anonymous_0)
FN:23,(anonymous_2)
FN:25,(anonymous_3)
FNF:3
FNH:3
FNDA:2,(anonymous_0)
FNDA:1,(anonymous_2)
FNDA:3,(anonymous_3)
DA:1,2
DA:2,2
DA:3,2
DA:5,1
DA:23,2
DA:27,3
LF:6
LH:6
BRDA:23,0,0,0
BRF:1
BRH:0
end_of_record
TN:
SF:src/components/Tables/helpers/format-date.js
FN:7,(anonymous_0)
FN:1,(anonymous_1)
FNF:2
FNH:2
FNDA:8,(anonymous_0)
FNDA:7,(anonymous_1)
DA:1,7
DA:7,8
LF:2
LH:2
BRF:0
BRH:0
end_of_record
TN:
SF:src/components/Tables/helpers/get-top-products.js
FN:13,(anonymous_0)
FN:1,(anonymous_1)
FN:3,(anonymous_2)
FN:15,(anonymous_4)
FNF:4
FNH:4
FNDA:5,(anonymous_0)
FNDA:2,(anonymous_1)
FNDA:6,(anonymous_2)
FNDA:2,(anonymous_4)
DA:1,5
DA:2,2
DA:3,2
DA:4,6
DA:5,2
DA:7,4
DA:10,2
DA:13,3
DA:14,2
DA:15,2
LF:10
LH:10
BRDA:4,0,0,2
BRDA:4,0,1,4
BRF:2
BRH:2
end_of_record
TN:
SF:src/components/Tables/helpers/index.js
FN:4,(anonymous_1)
FN:4,(anonymous_2)
FNF:2
FNH:2
FNDA:4,(anonymous_1)
FNDA:2,(anonymous_2)
DA:1,4
DA:2,4
DA:4,4
LF:3
LH:3
BRF:0
BRH:0
end_of_record
TN:
SF:src/components/UserMenu/user-menu.js
FN:61,(anonymous_0)
FN:7,UserMenu
FN:15,(anonymous_6)
FN:22,(anonymous_7)
FN:34,(anonymous_8)
FN:38,(anonymous_9)
FNF:6
FNH:5
FNDA:5,(anonymous_0)
FNDA:11,UserMenu
FNDA:4,(anonymous_6)
FNDA:2,(anonymous_7)
FNDA:0,(anonymous_8)
FNDA:4,(anonymous_9)
DA:1,2
DA:2,2
DA:3,2
DA:4,2
DA:5,2
DA:8,11
DA:9,11
DA:10,11
DA:11,11
DA:12,11
DA:13,11
DA:15,11
DA:16,4
DA:17,4
DA:18,4
DA:22,11
DA:23,2
DA:24,2
DA:25,2
DA:26,2
DA:27,1
DA:29,1
DA:30,1
DA:34,11
DA:35,0
DA:38,11
DA:39,4
DA:61,5
LF:28
LH:27
BRDA:16,0,0,4
BRDA:44,1,0,11
BRDA:45,2,0,11
BRDA:46,3,0,11
BRDA:46,3,1,11
BRDA:54,4,0,11
BRF:6
BRH:6
end_of_record
TN:
SF:src/contexts/Auth/AuthRoute.js
FN:19,(anonymous_0)
FN:5,AuthRoute
FN:9,(anonymous_5)
FNF:3
FNH:3
FNDA:3,(anonymous_0)
FNDA:4,AuthRoute
FNDA:3,(anonymous_5)
DA:1,1
DA:2,1
DA:3,1
DA:6,4
DA:7,4
DA:9,4
DA:10,3
DA:11,1
DA:16,4
DA:19,3
LF:10
LH:10
BRDA:10,0,0,1
BRDA:16,1,0,1
BRDA:16,1,1,3
BRF:3
BRH:3
end_of_record
TN:
SF:src/contexts/Auth/firebase.js
FN:17,(anonymous_1)
FN:18,(anonymous_2)
FN:19,(anonymous_3)
FNF:3
FNH:0
FNDA:0,(anonymous_1)
FNDA:0,(anonymous_2)
FNDA:0,(anonymous_3)
DA:1,1
DA:2,1
DA:3,1
DA:5,1
DA:15,1
DA:17,1
DA:18,1
DA:19,1
LF:8
LH:8
BRF:0
BRH:0
end_of_record
TN:
SF:src/contexts/Auth/index.js
FN:89,(anonymous_1)
FN:90,(anonymous_2)
FN:22,AuthProvider
FN:25,(anonymous_7)
FN:27,(anonymous_8)
FN:29,(anonymous_9)
FN:31,(anonymous_10)
FN:33,(anonymous_11)
FN:35,(anonymous_12)
FN:41,(anonymous_13)
FN:52,(anonymous_14)
FN:62,(anonymous_15)
FN:63,(anonymous_16)
FN:71,(anonymous_17)
FN:90,(anonymous_18)
FNF:15
FNH:0
FNDA:0,(anonymous_1)
FNDA:0,(anonymous_2)
FNDA:0,AuthProvider
FNDA:0,(anonymous_7)
FNDA:0,(anonymous_8)
FNDA:0,(anonymous_9)
FNDA:0,(anonymous_10)
FNDA:0,(anonymous_11)
FNDA:0,(anonymous_12)
FNDA:0,(anonymous_13)
FNDA:0,(anonymous_14)
FNDA:0,(anonymous_15)
FNDA:0,(anonymous_16)
FNDA:0,(anonymous_17)
FNDA:0,(anonymous_18)
DA:7,1
DA:16,1
DA:17,1
DA:18,1
DA:20,1
DA:23,0
DA:25,0
DA:27,0
DA:29,0
DA:31,0
DA:33,0
DA:35,0
DA:36,0
DA:37,0
DA:38,0
DA:41,0
DA:42,0
DA:43,0
DA:44,0
DA:45,0
DA:46,0
DA:47,0
DA:49,0
DA:52,0
DA:53,0
DA:54,0
DA:55,0
DA:56,0
DA:62,0
DA:63,0
DA:64,0
DA:66,0
DA:70,0
DA:71,0
DA:89,1
DA:90,1
LF:36
LH:7
BRDA:45,0,0,0
BRF:1
BRH:0
end_of_record
TN:
SF:src/contexts/Sheets/index.js
FN:30,(anonymous_1)
FN:31,(anonymous_2)
FN:11,SheetsProvider
FN:12,(anonymous_8)
FN:19,(anonymous_9)
FN:31,(anonymous_10)
FNF:6
FNH:0
FNDA:0,(anonymous_1)
FNDA:0,(anonymous_2)
FNDA:0,SheetsProvider
FNDA:0,(anonymous_8)
FNDA:0,(anonymous_9)
FNDA:0,(anonymous_10)
DA:5,1
DA:6,1
DA:7,1
DA:9,1
DA:12,0
DA:13,0
DA:14,0
DA:15,0
DA:18,0
DA:19,0
DA:30,1
DA:31,1
LF:12
LH:6
BRDA:12,0,0,0
BRF:1
BRH:0
end_of_record
TN:
SF:src/contexts/Sheets/sheets.js
FN:26,(anonymous_0)
FN:11,(anonymous_2)
FNF:2
FNH:0
FNDA:0,(anonymous_0)
FNDA:0,(anonymous_2)
DA:1,1
DA:2,1
DA:5,1
DA:11,1
DA:12,0
DA:13,0
DA:14,0
DA:15,0
DA:19,0
DA:23,0
DA:26,1
LF:11
LH:5
BRF:0
BRH:0
end_of_record
TN:
SF:src/fonts/index.js
FN:3,(anonymous_1)
FN:8,(anonymous_2)
FN:13,(anonymous_3)
FN:18,(anonymous_4)
FN:23,(anonymous_5)
FNF:5
FNH:2
FNDA:0,(anonymous_1)
FNDA:0,(anonymous_2)
FNDA:2,(anonymous_3)
FNDA:0,(anonymous_4)
FNDA:1,(anonymous_5)
DA:1,4
DA:3,4
DA:8,4
DA:13,4
DA:18,4
DA:23,4
LF:6
LH:6
BRF:0
BRH:0
end_of_record
TN:
SF:src/hooks/index.js
FN:4,(anonymous_0)
FNF:1
FNH:1
FNDA:2,(anonymous_0)
DA:2,4
DA:4,2
LF:2
LH:2
BRF:0
BRH:0
end_of_record
TN:
SF:src/hooks/use-query.js
FN:3,(anonymous_0)
FNF:1
FNH:1
FNDA:3,(anonymous_0)
DA:1,4
DA:3,2
DA:4,1
DA:5,1
DA:7,1
DA:8,0
DA:9,0
DA:11,0
LF:8
LH:5
BRDA:7,0,0,1
BRF:1
BRH:1
end_of_record
TN:
SF:src/pages/[...slug].js
FN:41,(anonymous_1)
FN:43,(anonymous_2)
FN:20,App
FN:43,getServerSideProps
FNF:4
FNH:0
FNDA:0,(anonymous_1)
FNDA:0,(anonymous_2)
FNDA:0,App
FNDA:0,getServerSideProps
DA:1,0
DA:2,0
DA:10,0
DA:18,0
DA:20,0
DA:21,0
DA:43,0
DA:44,0
DA:45,0
DA:47,0
DA:48,0
DA:50,0
DA:52,0
DA:53,0
DA:55,0
DA:57,0
DA:59,0
LF:17
LH:0
BRDA:52,0,0,0
BRDA:52,0,1,0
BRDA:53,1,0,0
BRDA:53,1,1,0
BRDA:66,2,0,0
BRDA:66,2,1,0
BRF:6
BRH:0
end_of_record
TN:
SF:src/pages/_app.js
FN:5,(anonymous_0)
FNF:1
FNH:0
FNDA:0,(anonymous_0)
DA:1,0
DA:2,0
DA:3,0
DA:5,0
LF:4
LH:0
BRF:0
BRH:0
end_of_record
TN:
SF:src/pages/forgot-password.js
FN:6,(anonymous_0)
FN:13,(anonymous_6)
FN:42,(anonymous_7)
FNF:3
FNH:0
FNDA:0,(anonymous_0)
FNDA:0,(anonymous_6)
FNDA:0,(anonymous_7)
DA:1,0
DA:2,0
DA:3,0
DA:4,0
DA:6,0
DA:7,0
DA:8,0
DA:9,0
DA:10,0
DA:11,0
DA:13,0
DA:14,0
DA:16,0
DA:17,0
DA:18,0
DA:19,0
DA:24,0
DA:25,0
DA:42,0
LF:19
LH:0
BRDA:33,0,0,0
BRF:1
BRH:0
end_of_record
TN:
SF:src/pages/index.js
FN:4,(anonymous_1)
FN:6,(anonymous_2)
FN:4,App
FN:6,getServerSideProps
FNF:4
FNH:0
FNDA:0,(anonymous_1)
FNDA:0,(anonymous_2)
FNDA:0,App
FNDA:0,getServerSideProps
DA:1,0
DA:2,0
DA:4,0
DA:6,0
DA:7,0
DA:8,0
DA:10,0
DA:11,0
DA:12,0
DA:13,0
DA:15,0
DA:17,0
LF:12
LH:0
BRDA:15,0,0,0
BRDA:15,0,1,0
BRF:2
BRH:0
end_of_record
TN:
SF:src/pages/login.js
FN:6,(anonymous_0)
FN:15,(anonymous_6)
FN:42,(anonymous_7)
FN:54,(anonymous_8)
FNF:4
FNH:0
FNDA:0,(anonymous_0)
FNDA:0,(anonymous_6)
FNDA:0,(anonymous_7)
FNDA:0,(anonymous_8)
DA:1,0
DA:2,0
DA:3,0
DA:4,0
DA:6,0
DA:7,0
DA:8,0
DA:9,0
DA:10,0
DA:11,0
DA:12,0
DA:13,0
DA:15,0
DA:16,0
DA:18,0
DA:19,0
DA:20,0
DA:21,0
DA:23,0
DA:24,0
DA:42,0
DA:54,0
LF:22
LH:0
BRDA:32,0,0,0
BRDA:33,1,0,0
BRF:2
BRH:0
end_of_record
TN:
SF:src/pages/signup.js
FN:6,(anonymous_0)
FN:18,(anonymous_6)
FN:47,(anonymous_7)
FN:59,(anonymous_8)
FN:70,(anonymous_9)
FN:86,(anonymous_10)
FN:98,(anonymous_11)
FNF:7
FNH:0
FNDA:0,(anonymous_0)
FNDA:0,(anonymous_6)
FNDA:0,(anonymous_7)
FNDA:0,(anonymous_8)
FNDA:0,(anonymous_9)
FNDA:0,(anonymous_10)
FNDA:0,(anonymous_11)
DA:1,0
DA:2,0
DA:3,0
DA:4,0
DA:6,0
DA:7,0
DA:8,0
DA:9,0
DA:10,0
DA:11,0
DA:12,0
DA:13,0
DA:14,0
DA:15,0
DA:18,0
DA:19,0
DA:20,0
DA:23,0
DA:24,0
DA:25,0
DA:26,0
DA:27,0
DA:29,0
DA:30,0
DA:47,0
DA:59,0
DA:70,0
DA:86,0
DA:98,0
LF:29
LH:0
BRDA:19,0,0,0
BRDA:38,1,0,0
BRF:2
BRH:0
end_of_record
TN:
SF:src/pages/update-profile.js
FN:5,(anonymous_0)
FN:22,(anonymous_5)
FN:29,(anonymous_6)
FN:37,(anonymous_7)
FN:84,(anonymous_8)
FN:98,(anonymous_9)
FN:116,(anonymous_10)
FN:127,(anonymous_11)
FN:134,(anonymous_12)
FNF:9
FNH:0
FNDA:0,(anonymous_0)
FNDA:0,(anonymous_5)
FNDA:0,(anonymous_6)
FNDA:0,(anonymous_7)
FNDA:0,(anonymous_8)
FNDA:0,(anonymous_9)
FNDA:0,(anonymous_10)
FNDA:0,(anonymous_11)
FNDA:0,(anonymous_12)
DA:1,0
DA:2,0
DA:3,0
DA:5,0
DA:12,0
DA:13,0
DA:14,0
DA:15,0
DA:16,0
DA:17,0
DA:18,0
DA:19,0
DA:20,0
DA:22,0
DA:23,0
DA:24,0
DA:25,0
DA:26,0
DA:29,0
DA:30,0
DA:31,0
DA:33,0
DA:37,0
DA:38,0
DA:39,0
DA:42,0
DA:43,0
DA:44,0
DA:45,0
DA:47,0
DA:48,0
DA:51,0
DA:52,0
DA:55,0
DA:56,0
DA:59,0
DA:60,0
DA:65,0
DA:66,0
DA:85,0
DA:99,0
DA:116,0
DA:127,0
DA:134,0
LF:44
LH:0
BRDA:13,0,0,0
BRDA:13,0,1,0
BRDA:23,1,0,0
BRDA:23,1,1,0
BRDA:25,2,0,0
BRDA:25,2,1,0
BRDA:26,3,0,0
BRDA:26,3,1,0
BRDA:30,4,0,0
BRDA:38,5,0,0
BRDA:47,6,0,0
BRDA:51,7,0,0
BRDA:55,8,0,0
BRDA:61,9,0,0
BRDA:61,9,1,0
BRDA:75,10,0,0
BRDA:94,11,0,0
BRF:17
BRH:0
end_of_record
TN:
SF:src/utils/fetch.js
FN:7,(anonymous_1)
FN:29,(anonymous_2)
FN:47,(anonymous_3)
FN:7,getOrders
FN:16,(anonymous_6)
FN:29,getTargets
FN:38,(anonymous_8)
FN:47,refreshData
FNF:8
FNH:7
FNDA:2,(anonymous_1)
FNDA:2,(anonymous_2)
FNDA:1,(anonymous_3)
FNDA:1,getOrders
FNDA:3,(anonymous_6)
FNDA:1,getTargets
FNDA:3,(anonymous_8)
FNDA:0,refreshData
DA:1,6
DA:2,6
DA:4,6
DA:5,6
DA:7,2
DA:8,1
DA:10,1
DA:11,1
DA:14,1
DA:16,3
DA:25,0
DA:29,2
DA:30,1
DA:32,1
DA:33,1
DA:36,1
DA:37,1
DA:38,3
DA:43,0
DA:47,1
DA:48,0
DA:49,0
DA:50,0
DA:52,0
DA:53,0
LF:25
LH:18
BRF:0
BRH:0
end_of_record
TN:
SF:src/utils/filter-and-sort-orders.js
FN:5,(anonymous_0)
FN:1,(anonymous_1)
FN:2,(anonymous_2)
FN:3,(anonymous_3)
FNF:4
FNH:1
FNDA:1,(anonymous_0)
FNDA:0,(anonymous_1)
FNDA:0,(anonymous_2)
FNDA:0,(anonymous_3)
DA:1,6
DA:2,0
DA:3,0
DA:5,6
LF:4
LH:2
BRDA:2,0,0,0
BRDA:2,0,1,0
BRF:2
BRH:0
end_of_record
TN:
SF:src/utils/format-numbers.js
FN:42,(anonymous_1)
FN:42,(anonymous_2)
FN:42,(anonymous_3)
FN:1,(anonymous_4)
FN:3,parseCurrency
FN:40,(anonymous_6)
FNF:6
FNH:6
FNDA:6,(anonymous_1)
FNDA:7,(anonymous_2)
FNDA:2,(anonymous_3)
FNDA:5,(anonymous_4)
FNDA:6,parseCurrency
FNDA:1,(anonymous_6)
DA:1,6
DA:4,6
DA:5,6
DA:6,6
DA:8,6
DA:10,6
DA:12,6
DA:13,6
DA:15,6
DA:19,6
DA:23,6
DA:24,6
DA:25,6
DA:26,0
DA:28,6
DA:29,0
DA:32,6
DA:40,6
DA:42,7
LF:19
LH:17
BRDA:8,0,0,6
BRDA:10,1,0,3
BRDA:15,2,0,6
BRDA:15,2,1,0
BRDA:15,2,2,0
BRDA:15,2,3,0
BRDA:15,2,4,0
BRDA:19,3,0,6
BRDA:19,3,1,3
BRDA:19,3,2,0
BRDA:19,3,3,3
BRDA:19,3,4,3
BRDA:25,4,0,0
BRDA:28,5,0,0
BRDA:40,6,0,0
BRDA:40,6,1,1
BRF:16
BRH:8
end_of_record
TN:
SF:src/utils/get-slugs.js
FN:1,(anonymous_1)
FN:23,(anonymous_2)
FN:1,(anonymous_3)
FN:2,(anonymous_4)
FN:3,(anonymous_5)
FN:6,(anonymous_6)
FN:7,(anonymous_7)
FN:11,(anonymous_8)
FN:12,(anonymous_9)
FN:23,(anonymous_10)
FNF:10
FNH:2
FNDA:1,(anonymous_1)
FNDA:1,(anonymous_2)
FNDA:0,(anonymous_3)
FNDA:0,(anonymous_4)
FNDA:0,(anonymous_5)
FNDA:0,(anonymous_6)
FNDA:0,(anonymous_7)
FNDA:0,(anonymous_8)
FNDA:0,(anonymous_9)
FNDA:0,(anonymous_10)
DA:1,5
DA:2,0
DA:3,0
DA:4,0
DA:6,0
DA:7,0
DA:9,0
DA:11,0
DA:12,0
DA:15,0
DA:23,5
DA:24,0
DA:26,0
DA:28,0
DA:29,0
DA:30,0
DA:31,0
DA:33,0
DA:40,0
LF:19
LH:2
BRF:0
BRH:0
end_of_record
TN:
SF:src/utils/get-total.js
FN:1,(anonymous_0)
FN:3,(anonymous_2)
FNF:2
FNH:1
FNDA:1,(anonymous_0)
FNDA:0,(anonymous_2)
DA:1,1
DA:2,0
DA:3,0
DA:6,0
LF:4
LH:1
BRDA:2,0,0,0
BRF:1
BRH:0
end_of_record
TN:
SF:src/utils/index.js
FN:8,(anonymous_1)
FN:9,(anonymous_2)
FN:10,(anonymous_3)
FN:11,(anonymous_4)
FN:12,(anonymous_5)
FN:13,(anonymous_6)
FN:14,(anonymous_7)
FN:15,(anonymous_8)
FN:16,(anonymous_9)
FN:17,(anonymous_10)
FNF:10
FNH:10
FNDA:1,(anonymous_1)
FNDA:1,(anonymous_2)
FNDA:1,(anonymous_3)
FNDA:1,(anonymous_4)
FNDA:1,(anonymous_5)
FNDA:1,(anonymous_6)
FNDA:1,(anonymous_7)
FNDA:1,(anonymous_8)
FNDA:2,(anonymous_9)
FNDA:6,(anonymous_10)
DA:1,5
DA:2,5
DA:3,5
DA:4,5
DA:5,5
DA:8,1
DA:9,1
DA:10,1
DA:11,1
DA:12,1
DA:13,1
DA:14,1
DA:15,1
DA:16,2
DA:17,6
LF:15
LH:15
BRF:0
BRH:0
end_of_record
TN:
SF:src/utils/update.js
FN:1,(anonymous_1)
FN:13,(anonymous_2)
FN:1,(anonymous_3)
FN:13,(anonymous_4)
FNF:4
FNH:0
FNDA:0,(anonymous_1)
FNDA:0,(anonymous_2)
FNDA:0,(anonymous_3)
FNDA:0,(anonymous_4)
DA:1,1
DA:2,0
DA:3,0
DA:5,0
DA:6,0
DA:7,0
DA:8,0
DA:9,0
DA:10,0
DA:13,1
LF:10
LH:2
BRDA:1,0,0,0
BRDA:6,1,0,0
BRDA:7,2,0,0
BRDA:8,3,0,0
BRDA:9,4,0,0
BRF:5
BRH:0
end_of_record
